[2024-10-11T10:27:51.986+0000] {taskinstance.py:1083} INFO - Dependencies all met for <TaskInstance: convert_yolov9_to_trt.convert_to_trt manual__2024-10-11T10:26:48.212921+00:00 [queued]>
[2024-10-11T10:27:51.992+0000] {taskinstance.py:1083} INFO - Dependencies all met for <TaskInstance: convert_yolov9_to_trt.convert_to_trt manual__2024-10-11T10:26:48.212921+00:00 [queued]>
[2024-10-11T10:27:51.992+0000] {taskinstance.py:1279} INFO - 
--------------------------------------------------------------------------------
[2024-10-11T10:27:51.992+0000] {taskinstance.py:1280} INFO - Starting attempt 2 of 2
[2024-10-11T10:27:51.992+0000] {taskinstance.py:1281} INFO - 
--------------------------------------------------------------------------------
[2024-10-11T10:27:52.002+0000] {taskinstance.py:1300} INFO - Executing <Task(BashOperator): convert_to_trt> on 2024-10-11 10:26:48.212921+00:00
[2024-10-11T10:27:52.009+0000] {standard_task_runner.py:55} INFO - Started process 3772 to run task
[2024-10-11T10:27:52.011+0000] {standard_task_runner.py:82} INFO - Running: ['***', 'tasks', 'run', 'convert_yolov9_to_trt', 'convert_to_trt', 'manual__2024-10-11T10:26:48.212921+00:00', '--job-id', '61', '--raw', '--subdir', 'DAGS_FOLDER/transform/main.py', '--cfg-path', '/tmp/tmp96c3o1p9']
[2024-10-11T10:27:52.011+0000] {standard_task_runner.py:83} INFO - Job 61: Subtask convert_to_trt
[2024-10-11T10:27:52.055+0000] {task_command.py:388} INFO - Running <TaskInstance: convert_yolov9_to_trt.convert_to_trt manual__2024-10-11T10:26:48.212921+00:00 [running]> on host 5c826e3ad786
[2024-10-11T10:27:52.102+0000] {taskinstance.py:1509} INFO - Exporting the following env vars:
AIRFLOW_CTX_DAG_OWNER=***
AIRFLOW_CTX_DAG_ID=convert_yolov9_to_trt
AIRFLOW_CTX_TASK_ID=convert_to_trt
AIRFLOW_CTX_EXECUTION_DATE=2024-10-11T10:26:48.212921+00:00
AIRFLOW_CTX_TRY_NUMBER=2
AIRFLOW_CTX_DAG_RUN_ID=manual__2024-10-11T10:26:48.212921+00:00
[2024-10-11T10:27:52.103+0000] {subprocess.py:63} INFO - Tmp dir root location: 
 /tmp
[2024-10-11T10:27:52.103+0000] {subprocess.py:75} INFO - Running command: ['/bin/bash', '-c', 'python3 ./yolov9/export.py ./model/model.pt ./model.engine']
[2024-10-11T10:27:52.116+0000] {subprocess.py:86} INFO - Output:
[2024-10-11T10:27:52.178+0000] {subprocess.py:93} INFO - python3: can't open file './yolov9/export.py': [Errno 2] No such file or directory
[2024-10-11T10:27:52.180+0000] {subprocess.py:97} INFO - Command exited with return code 2
[2024-10-11T10:27:52.190+0000] {taskinstance.py:1768} ERROR - Task failed with exception
Traceback (most recent call last):
  File "/home/airflow/.local/lib/python3.7/site-packages/airflow/operators/bash.py", line 197, in execute
    f"Bash command failed. The command returned a non-zero exit code {result.exit_code}."
airflow.exceptions.AirflowException: Bash command failed. The command returned a non-zero exit code 2.
[2024-10-11T10:27:52.192+0000] {taskinstance.py:1323} INFO - Marking task as FAILED. dag_id=convert_yolov9_to_trt, task_id=convert_to_trt, execution_date=20241011T102648, start_date=20241011T102751, end_date=20241011T102752
[2024-10-11T10:27:52.200+0000] {standard_task_runner.py:105} ERROR - Failed to execute job 61 for task convert_to_trt (Bash command failed. The command returned a non-zero exit code 2.; 3772)
[2024-10-11T10:27:52.223+0000] {local_task_job.py:208} INFO - Task exited with return code 1
[2024-10-11T10:27:52.236+0000] {taskinstance.py:2578} INFO - 0 downstream tasks scheduled from follow-on schedule check
