[2024-10-11T11:41:17.615+0000] {taskinstance.py:1083} INFO - Dependencies all met for <TaskInstance: convert_yolov9_to_trt.log_source_dir manual__2024-10-11T11:41:16.380408+00:00 [queued]>
[2024-10-11T11:41:17.622+0000] {taskinstance.py:1083} INFO - Dependencies all met for <TaskInstance: convert_yolov9_to_trt.log_source_dir manual__2024-10-11T11:41:16.380408+00:00 [queued]>
[2024-10-11T11:41:17.622+0000] {taskinstance.py:1279} INFO - 
--------------------------------------------------------------------------------
[2024-10-11T11:41:17.622+0000] {taskinstance.py:1280} INFO - Starting attempt 1 of 2
[2024-10-11T11:41:17.622+0000] {taskinstance.py:1281} INFO - 
--------------------------------------------------------------------------------
[2024-10-11T11:41:17.630+0000] {taskinstance.py:1300} INFO - Executing <Task(PythonOperator): log_source_dir> on 2024-10-11 11:41:16.380408+00:00
[2024-10-11T11:41:17.636+0000] {standard_task_runner.py:55} INFO - Started process 905 to run task
[2024-10-11T11:41:17.639+0000] {standard_task_runner.py:82} INFO - Running: ['***', 'tasks', 'run', 'convert_yolov9_to_trt', 'log_source_dir', 'manual__2024-10-11T11:41:16.380408+00:00', '--job-id', '204', '--raw', '--subdir', 'DAGS_FOLDER/transform/main.py', '--cfg-path', '/tmp/tmp0o1_dutv']
[2024-10-11T11:41:17.639+0000] {standard_task_runner.py:83} INFO - Job 204: Subtask log_source_dir
[2024-10-11T11:41:17.684+0000] {task_command.py:388} INFO - Running <TaskInstance: convert_yolov9_to_trt.log_source_dir manual__2024-10-11T11:41:16.380408+00:00 [running]> on host 91eb0b46c706
[2024-10-11T11:41:17.732+0000] {taskinstance.py:1509} INFO - Exporting the following env vars:
AIRFLOW_CTX_DAG_OWNER=***
AIRFLOW_CTX_DAG_ID=convert_yolov9_to_trt
AIRFLOW_CTX_TASK_ID=log_source_dir
AIRFLOW_CTX_EXECUTION_DATE=2024-10-11T11:41:16.380408+00:00
AIRFLOW_CTX_TRY_NUMBER=1
AIRFLOW_CTX_DAG_RUN_ID=manual__2024-10-11T11:41:16.380408+00:00
[2024-10-11T11:41:17.733+0000] {logging_mixin.py:137} INFO - -----------------------------------------------------------
[2024-10-11T11:41:17.733+0000] {logging_mixin.py:137} INFO - source_dir: /opt/***/dags/transform
[2024-10-11T11:41:17.733+0000] {python.py:177} INFO - Done. Returned value was: None
[2024-10-11T11:41:17.740+0000] {taskinstance.py:1323} INFO - Marking task as SUCCESS. dag_id=convert_yolov9_to_trt, task_id=log_source_dir, execution_date=20241011T114116, start_date=20241011T114117, end_date=20241011T114117
[2024-10-11T11:41:17.770+0000] {local_task_job.py:208} INFO - Task exited with return code 0
[2024-10-11T11:41:17.787+0000] {taskinstance.py:2578} INFO - 1 downstream tasks scheduled from follow-on schedule check
