[2024-10-07T01:49:20.659+0000] {processor.py:153} INFO - Started process (PID=793985) to work on /opt/airflow/dags/model/yolov9-t-converted.pt
[2024-10-07T01:49:20.659+0000] {processor.py:743} INFO - Processing file /opt/airflow/dags/model/yolov9-t-converted.pt for tasks to queue
[2024-10-07T01:49:20.660+0000] {logging_mixin.py:137} INFO - [2024-10-07T01:49:20.660+0000] {dagbag.py:538} INFO - Filling up the DagBag from /opt/airflow/dags/model/yolov9-t-converted.pt
[2024-10-07T01:49:20.667+0000] {processor.py:755} WARNING - No viable dags retrieved from /opt/airflow/dags/model/yolov9-t-converted.pt
[2024-10-07T01:49:20.678+0000] {processor.py:175} INFO - Processing /opt/airflow/dags/model/yolov9-t-converted.pt took 0.021 seconds
[2024-10-07T01:49:51.555+0000] {processor.py:153} INFO - Started process (PID=794089) to work on /opt/airflow/dags/model/yolov9-t-converted.pt
[2024-10-07T01:49:51.556+0000] {processor.py:743} INFO - Processing file /opt/airflow/dags/model/yolov9-t-converted.pt for tasks to queue
[2024-10-07T01:49:51.556+0000] {logging_mixin.py:137} INFO - [2024-10-07T01:49:51.556+0000] {dagbag.py:538} INFO - Filling up the DagBag from /opt/airflow/dags/model/yolov9-t-converted.pt
[2024-10-07T01:49:51.564+0000] {processor.py:755} WARNING - No viable dags retrieved from /opt/airflow/dags/model/yolov9-t-converted.pt
[2024-10-07T01:49:51.573+0000] {processor.py:175} INFO - Processing /opt/airflow/dags/model/yolov9-t-converted.pt took 0.020 seconds
[2024-10-07T01:50:22.388+0000] {processor.py:153} INFO - Started process (PID=794202) to work on /opt/airflow/dags/model/yolov9-t-converted.pt
[2024-10-07T01:50:22.388+0000] {processor.py:743} INFO - Processing file /opt/airflow/dags/model/yolov9-t-converted.pt for tasks to queue
[2024-10-07T01:50:22.389+0000] {logging_mixin.py:137} INFO - [2024-10-07T01:50:22.389+0000] {dagbag.py:538} INFO - Filling up the DagBag from /opt/airflow/dags/model/yolov9-t-converted.pt
[2024-10-07T01:50:22.396+0000] {processor.py:755} WARNING - No viable dags retrieved from /opt/airflow/dags/model/yolov9-t-converted.pt
[2024-10-07T01:50:22.406+0000] {processor.py:175} INFO - Processing /opt/airflow/dags/model/yolov9-t-converted.pt took 0.021 seconds
[2024-10-07T01:50:53.291+0000] {processor.py:153} INFO - Started process (PID=794291) to work on /opt/airflow/dags/model/yolov9-t-converted.pt
[2024-10-07T01:50:53.291+0000] {processor.py:743} INFO - Processing file /opt/airflow/dags/model/yolov9-t-converted.pt for tasks to queue
[2024-10-07T01:50:53.292+0000] {logging_mixin.py:137} INFO - [2024-10-07T01:50:53.292+0000] {dagbag.py:538} INFO - Filling up the DagBag from /opt/airflow/dags/model/yolov9-t-converted.pt
[2024-10-07T01:50:53.298+0000] {processor.py:755} WARNING - No viable dags retrieved from /opt/airflow/dags/model/yolov9-t-converted.pt
[2024-10-07T01:50:53.308+0000] {processor.py:175} INFO - Processing /opt/airflow/dags/model/yolov9-t-converted.pt took 0.021 seconds
[2024-10-07T01:51:24.189+0000] {processor.py:153} INFO - Started process (PID=794404) to work on /opt/airflow/dags/model/yolov9-t-converted.pt
[2024-10-07T01:51:24.190+0000] {processor.py:743} INFO - Processing file /opt/airflow/dags/model/yolov9-t-converted.pt for tasks to queue
[2024-10-07T01:51:24.190+0000] {logging_mixin.py:137} INFO - [2024-10-07T01:51:24.190+0000] {dagbag.py:538} INFO - Filling up the DagBag from /opt/airflow/dags/model/yolov9-t-converted.pt
[2024-10-07T01:51:24.198+0000] {processor.py:755} WARNING - No viable dags retrieved from /opt/airflow/dags/model/yolov9-t-converted.pt
[2024-10-07T01:51:24.208+0000] {processor.py:175} INFO - Processing /opt/airflow/dags/model/yolov9-t-converted.pt took 0.022 seconds
[2024-10-07T01:51:55.038+0000] {processor.py:153} INFO - Started process (PID=794517) to work on /opt/airflow/dags/model/yolov9-t-converted.pt
[2024-10-07T01:51:55.039+0000] {processor.py:743} INFO - Processing file /opt/airflow/dags/model/yolov9-t-converted.pt for tasks to queue
[2024-10-07T01:51:55.039+0000] {logging_mixin.py:137} INFO - [2024-10-07T01:51:55.039+0000] {dagbag.py:538} INFO - Filling up the DagBag from /opt/airflow/dags/model/yolov9-t-converted.pt
[2024-10-07T01:51:55.047+0000] {processor.py:755} WARNING - No viable dags retrieved from /opt/airflow/dags/model/yolov9-t-converted.pt
[2024-10-07T01:51:55.056+0000] {processor.py:175} INFO - Processing /opt/airflow/dags/model/yolov9-t-converted.pt took 0.021 seconds
[2024-10-07T01:52:25.840+0000] {processor.py:153} INFO - Started process (PID=794606) to work on /opt/airflow/dags/model/yolov9-t-converted.pt
[2024-10-07T01:52:25.841+0000] {processor.py:743} INFO - Processing file /opt/airflow/dags/model/yolov9-t-converted.pt for tasks to queue
[2024-10-07T01:52:25.841+0000] {logging_mixin.py:137} INFO - [2024-10-07T01:52:25.841+0000] {dagbag.py:538} INFO - Filling up the DagBag from /opt/airflow/dags/model/yolov9-t-converted.pt
[2024-10-07T01:52:25.848+0000] {processor.py:755} WARNING - No viable dags retrieved from /opt/airflow/dags/model/yolov9-t-converted.pt
[2024-10-07T01:52:25.858+0000] {processor.py:175} INFO - Processing /opt/airflow/dags/model/yolov9-t-converted.pt took 0.021 seconds
[2024-10-07T01:52:56.676+0000] {processor.py:153} INFO - Started process (PID=794719) to work on /opt/airflow/dags/model/yolov9-t-converted.pt
[2024-10-07T01:52:56.677+0000] {processor.py:743} INFO - Processing file /opt/airflow/dags/model/yolov9-t-converted.pt for tasks to queue
[2024-10-07T01:52:56.677+0000] {logging_mixin.py:137} INFO - [2024-10-07T01:52:56.677+0000] {dagbag.py:538} INFO - Filling up the DagBag from /opt/airflow/dags/model/yolov9-t-converted.pt
[2024-10-07T01:52:56.684+0000] {processor.py:755} WARNING - No viable dags retrieved from /opt/airflow/dags/model/yolov9-t-converted.pt
[2024-10-07T01:52:56.694+0000] {processor.py:175} INFO - Processing /opt/airflow/dags/model/yolov9-t-converted.pt took 0.020 seconds
[2024-10-07T01:53:27.461+0000] {processor.py:153} INFO - Started process (PID=794832) to work on /opt/airflow/dags/model/yolov9-t-converted.pt
[2024-10-07T01:53:27.461+0000] {processor.py:743} INFO - Processing file /opt/airflow/dags/model/yolov9-t-converted.pt for tasks to queue
[2024-10-07T01:53:27.462+0000] {logging_mixin.py:137} INFO - [2024-10-07T01:53:27.462+0000] {dagbag.py:538} INFO - Filling up the DagBag from /opt/airflow/dags/model/yolov9-t-converted.pt
[2024-10-07T01:53:27.469+0000] {processor.py:755} WARNING - No viable dags retrieved from /opt/airflow/dags/model/yolov9-t-converted.pt
[2024-10-07T01:53:27.480+0000] {processor.py:175} INFO - Processing /opt/airflow/dags/model/yolov9-t-converted.pt took 0.022 seconds
[2024-10-07T01:53:58.255+0000] {processor.py:153} INFO - Started process (PID=794921) to work on /opt/airflow/dags/model/yolov9-t-converted.pt
[2024-10-07T01:53:58.255+0000] {processor.py:743} INFO - Processing file /opt/airflow/dags/model/yolov9-t-converted.pt for tasks to queue
[2024-10-07T01:53:58.256+0000] {logging_mixin.py:137} INFO - [2024-10-07T01:53:58.256+0000] {dagbag.py:538} INFO - Filling up the DagBag from /opt/airflow/dags/model/yolov9-t-converted.pt
[2024-10-07T01:53:58.263+0000] {processor.py:755} WARNING - No viable dags retrieved from /opt/airflow/dags/model/yolov9-t-converted.pt
[2024-10-07T01:53:58.272+0000] {processor.py:175} INFO - Processing /opt/airflow/dags/model/yolov9-t-converted.pt took 0.020 seconds
[2024-10-07T01:54:29.100+0000] {processor.py:153} INFO - Started process (PID=795034) to work on /opt/airflow/dags/model/yolov9-t-converted.pt
[2024-10-07T01:54:29.101+0000] {processor.py:743} INFO - Processing file /opt/airflow/dags/model/yolov9-t-converted.pt for tasks to queue
[2024-10-07T01:54:29.101+0000] {logging_mixin.py:137} INFO - [2024-10-07T01:54:29.101+0000] {dagbag.py:538} INFO - Filling up the DagBag from /opt/airflow/dags/model/yolov9-t-converted.pt
[2024-10-07T01:54:29.108+0000] {processor.py:755} WARNING - No viable dags retrieved from /opt/airflow/dags/model/yolov9-t-converted.pt
[2024-10-07T01:54:29.118+0000] {processor.py:175} INFO - Processing /opt/airflow/dags/model/yolov9-t-converted.pt took 0.020 seconds
[2024-10-07T01:54:59.893+0000] {processor.py:153} INFO - Started process (PID=795130) to work on /opt/airflow/dags/model/yolov9-t-converted.pt
[2024-10-07T01:54:59.894+0000] {processor.py:743} INFO - Processing file /opt/airflow/dags/model/yolov9-t-converted.pt for tasks to queue
[2024-10-07T01:54:59.895+0000] {logging_mixin.py:137} INFO - [2024-10-07T01:54:59.895+0000] {dagbag.py:538} INFO - Filling up the DagBag from /opt/airflow/dags/model/yolov9-t-converted.pt
[2024-10-07T01:54:59.902+0000] {processor.py:755} WARNING - No viable dags retrieved from /opt/airflow/dags/model/yolov9-t-converted.pt
[2024-10-07T01:54:59.912+0000] {processor.py:175} INFO - Processing /opt/airflow/dags/model/yolov9-t-converted.pt took 0.021 seconds
