[2024-10-11T10:58:50.561+0000] {taskinstance.py:1083} INFO - Dependencies all met for <TaskInstance: convert_yolov9_to_trt.log_source_dir manual__2024-10-11T10:58:49.651246+00:00 [queued]>
[2024-10-11T10:58:50.567+0000] {taskinstance.py:1083} INFO - Dependencies all met for <TaskInstance: convert_yolov9_to_trt.log_source_dir manual__2024-10-11T10:58:49.651246+00:00 [queued]>
[2024-10-11T10:58:50.567+0000] {taskinstance.py:1279} INFO - 
--------------------------------------------------------------------------------
[2024-10-11T10:58:50.567+0000] {taskinstance.py:1280} INFO - Starting attempt 1 of 2
[2024-10-11T10:58:50.567+0000] {taskinstance.py:1281} INFO - 
--------------------------------------------------------------------------------
[2024-10-11T10:58:50.579+0000] {taskinstance.py:1300} INFO - Executing <Task(PythonOperator): log_source_dir> on 2024-10-11 10:58:49.651246+00:00
[2024-10-11T10:58:50.585+0000] {standard_task_runner.py:55} INFO - Started process 112 to run task
[2024-10-11T10:58:50.587+0000] {standard_task_runner.py:82} INFO - Running: ['***', 'tasks', 'run', 'convert_yolov9_to_trt', 'log_source_dir', 'manual__2024-10-11T10:58:49.651246+00:00', '--job-id', '171', '--raw', '--subdir', 'DAGS_FOLDER/transform/main.py', '--cfg-path', '/tmp/tmp26g4q5f8']
[2024-10-11T10:58:50.587+0000] {standard_task_runner.py:83} INFO - Job 171: Subtask log_source_dir
[2024-10-11T10:58:50.630+0000] {task_command.py:388} INFO - Running <TaskInstance: convert_yolov9_to_trt.log_source_dir manual__2024-10-11T10:58:49.651246+00:00 [running]> on host 4008dbb35820
[2024-10-11T10:58:50.678+0000] {taskinstance.py:1509} INFO - Exporting the following env vars:
AIRFLOW_CTX_DAG_OWNER=***
AIRFLOW_CTX_DAG_ID=convert_yolov9_to_trt
AIRFLOW_CTX_TASK_ID=log_source_dir
AIRFLOW_CTX_EXECUTION_DATE=2024-10-11T10:58:49.651246+00:00
AIRFLOW_CTX_TRY_NUMBER=1
AIRFLOW_CTX_DAG_RUN_ID=manual__2024-10-11T10:58:49.651246+00:00
[2024-10-11T10:58:50.679+0000] {logging_mixin.py:137} INFO - -----------------------------------------------------------
[2024-10-11T10:58:50.679+0000] {logging_mixin.py:137} INFO - source_dir: /opt/***/dags/transform
[2024-10-11T10:58:50.679+0000] {python.py:177} INFO - Done. Returned value was: None
[2024-10-11T10:58:50.686+0000] {taskinstance.py:1323} INFO - Marking task as SUCCESS. dag_id=convert_yolov9_to_trt, task_id=log_source_dir, execution_date=20241011T105849, start_date=20241011T105850, end_date=20241011T105850
[2024-10-11T10:58:50.718+0000] {local_task_job.py:208} INFO - Task exited with return code 0
[2024-10-11T10:58:50.737+0000] {taskinstance.py:2578} INFO - 1 downstream tasks scheduled from follow-on schedule check
