[2024-10-08T06:47:30.681+0000] {taskinstance.py:1083} INFO - Dependencies all met for <TaskInstance: convert_yolov9_to_trt.convert_to_trt manual__2024-10-08T06:46:27.832290+00:00 [queued]>
[2024-10-08T06:47:30.686+0000] {taskinstance.py:1083} INFO - Dependencies all met for <TaskInstance: convert_yolov9_to_trt.convert_to_trt manual__2024-10-08T06:46:27.832290+00:00 [queued]>
[2024-10-08T06:47:30.686+0000] {taskinstance.py:1279} INFO - 
--------------------------------------------------------------------------------
[2024-10-08T06:47:30.687+0000] {taskinstance.py:1280} INFO - Starting attempt 2 of 2
[2024-10-08T06:47:30.687+0000] {taskinstance.py:1281} INFO - 
--------------------------------------------------------------------------------
[2024-10-08T06:47:30.696+0000] {taskinstance.py:1300} INFO - Executing <Task(BashOperator): convert_to_trt> on 2024-10-08 06:46:27.832290+00:00
[2024-10-08T06:47:30.702+0000] {standard_task_runner.py:55} INFO - Started process 8722 to run task
[2024-10-08T06:47:30.704+0000] {standard_task_runner.py:82} INFO - Running: ['***', 'tasks', 'run', 'convert_yolov9_to_trt', 'convert_to_trt', 'manual__2024-10-08T06:46:27.832290+00:00', '--job-id', '14', '--raw', '--subdir', 'DAGS_FOLDER/transform/main.py', '--cfg-path', '/tmp/tmps9yf6g4m']
[2024-10-08T06:47:30.705+0000] {standard_task_runner.py:83} INFO - Job 14: Subtask convert_to_trt
[2024-10-08T06:47:30.749+0000] {task_command.py:388} INFO - Running <TaskInstance: convert_yolov9_to_trt.convert_to_trt manual__2024-10-08T06:46:27.832290+00:00 [running]> on host 2de590096d56
[2024-10-08T06:47:30.795+0000] {taskinstance.py:1509} INFO - Exporting the following env vars:
AIRFLOW_CTX_DAG_OWNER=***
AIRFLOW_CTX_DAG_ID=convert_yolov9_to_trt
AIRFLOW_CTX_TASK_ID=convert_to_trt
AIRFLOW_CTX_EXECUTION_DATE=2024-10-08T06:46:27.832290+00:00
AIRFLOW_CTX_TRY_NUMBER=2
AIRFLOW_CTX_DAG_RUN_ID=manual__2024-10-08T06:46:27.832290+00:00
[2024-10-08T06:47:30.796+0000] {subprocess.py:63} INFO - Tmp dir root location: 
 /tmp
[2024-10-08T06:47:30.796+0000] {subprocess.py:75} INFO - Running command: ['/bin/bash', '-c', 'docker run --gpus all --rm -v /home/Desktop/pixel/***/dags/transform:/transform nvcr.io/nvidia/pytorch:23.08-py3 bash -c "python3 /transform/yolov9/export.py --weights /transform/models/yolov9-s-converted.pt --include engine --device 0"']
[2024-10-08T06:47:30.809+0000] {subprocess.py:86} INFO - Output:
[2024-10-08T06:47:31.122+0000] {subprocess.py:93} INFO - 
[2024-10-08T06:47:31.122+0000] {subprocess.py:93} INFO - =============
[2024-10-08T06:47:31.122+0000] {subprocess.py:93} INFO - == PyTorch ==
[2024-10-08T06:47:31.123+0000] {subprocess.py:93} INFO - =============
[2024-10-08T06:47:31.125+0000] {subprocess.py:93} INFO - 
[2024-10-08T06:47:31.125+0000] {subprocess.py:93} INFO - NVIDIA Release 23.08 (build 66128610)
[2024-10-08T06:47:31.125+0000] {subprocess.py:93} INFO - PyTorch Version 2.1.0a0+29c30b1
[2024-10-08T06:47:31.126+0000] {subprocess.py:93} INFO - 
[2024-10-08T06:47:31.126+0000] {subprocess.py:93} INFO - Container image Copyright (c) 2023, NVIDIA CORPORATION & AFFILIATES. All rights reserved.
[2024-10-08T06:47:31.127+0000] {subprocess.py:93} INFO - 
[2024-10-08T06:47:31.127+0000] {subprocess.py:93} INFO - Copyright (c) 2014-2023 Facebook Inc.
[2024-10-08T06:47:31.127+0000] {subprocess.py:93} INFO - Copyright (c) 2011-2014 Idiap Research Institute (Ronan Collobert)
[2024-10-08T06:47:31.127+0000] {subprocess.py:93} INFO - Copyright (c) 2012-2014 Deepmind Technologies    (Koray Kavukcuoglu)
[2024-10-08T06:47:31.127+0000] {subprocess.py:93} INFO - Copyright (c) 2011-2012 NEC Laboratories America (Koray Kavukcuoglu)
[2024-10-08T06:47:31.127+0000] {subprocess.py:93} INFO - Copyright (c) 2011-2013 NYU                      (Clement Farabet)
[2024-10-08T06:47:31.127+0000] {subprocess.py:93} INFO - Copyright (c) 2006-2010 NEC Laboratories America (Ronan Collobert, Leon Bottou, Iain Melvin, Jason Weston)
[2024-10-08T06:47:31.128+0000] {subprocess.py:93} INFO - Copyright (c) 2006      Idiap Research Institute (Samy Bengio)
[2024-10-08T06:47:31.128+0000] {subprocess.py:93} INFO - Copyright (c) 2001-2004 Idiap Research Institute (Ronan Collobert, Samy Bengio, Johnny Mariethoz)
[2024-10-08T06:47:31.128+0000] {subprocess.py:93} INFO - Copyright (c) 2015      Google Inc.
[2024-10-08T06:47:31.128+0000] {subprocess.py:93} INFO - Copyright (c) 2015      Yangqing Jia
[2024-10-08T06:47:31.128+0000] {subprocess.py:93} INFO - Copyright (c) 2013-2016 The Caffe contributors
[2024-10-08T06:47:31.128+0000] {subprocess.py:93} INFO - All rights reserved.
[2024-10-08T06:47:31.128+0000] {subprocess.py:93} INFO - 
[2024-10-08T06:47:31.128+0000] {subprocess.py:93} INFO - Various files include modifications (c) NVIDIA CORPORATION & AFFILIATES.  All rights reserved.
[2024-10-08T06:47:31.128+0000] {subprocess.py:93} INFO - 
[2024-10-08T06:47:31.128+0000] {subprocess.py:93} INFO - This container image and its contents are governed by the NVIDIA Deep Learning Container License.
[2024-10-08T06:47:31.128+0000] {subprocess.py:93} INFO - By pulling and using the container, you accept the terms and conditions of this license:
[2024-10-08T06:47:31.128+0000] {subprocess.py:93} INFO - https://developer.nvidia.com/ngc/nvidia-deep-learning-container-license
[2024-10-08T06:47:31.246+0000] {subprocess.py:93} INFO - 
[2024-10-08T06:47:31.246+0000] {subprocess.py:93} INFO - NOTE: The SHMEM allocation limit is set to the default of 64MB.  This may be
[2024-10-08T06:47:31.246+0000] {subprocess.py:93} INFO -    insufficient for PyTorch.  NVIDIA recommends the use of the following flags:
[2024-10-08T06:47:31.246+0000] {subprocess.py:93} INFO -    docker run --gpus all --ipc=host --ulimit memlock=-1 --ulimit stack=67108864 ...
[2024-10-08T06:47:31.246+0000] {subprocess.py:93} INFO - 
[2024-10-08T06:47:31.265+0000] {subprocess.py:93} INFO - python3: can't open file '/transform/yolov9/export.py': [Errno 2] No such file or directory
[2024-10-08T06:47:31.372+0000] {subprocess.py:97} INFO - Command exited with return code 2
[2024-10-08T06:47:31.381+0000] {taskinstance.py:1768} ERROR - Task failed with exception
Traceback (most recent call last):
  File "/home/airflow/.local/lib/python3.7/site-packages/airflow/operators/bash.py", line 197, in execute
    f"Bash command failed. The command returned a non-zero exit code {result.exit_code}."
airflow.exceptions.AirflowException: Bash command failed. The command returned a non-zero exit code 2.
[2024-10-08T06:47:31.384+0000] {taskinstance.py:1323} INFO - Marking task as FAILED. dag_id=convert_yolov9_to_trt, task_id=convert_to_trt, execution_date=20241008T064627, start_date=20241008T064730, end_date=20241008T064731
[2024-10-08T06:47:31.394+0000] {standard_task_runner.py:105} ERROR - Failed to execute job 14 for task convert_to_trt (Bash command failed. The command returned a non-zero exit code 2.; 8722)
[2024-10-08T06:47:31.437+0000] {local_task_job.py:208} INFO - Task exited with return code 1
[2024-10-08T06:47:31.451+0000] {taskinstance.py:2578} INFO - 0 downstream tasks scheduled from follow-on schedule check
