[2024-10-08T06:31:04.648+0000] {taskinstance.py:1083} INFO - Dependencies all met for <TaskInstance: convert_yolov9_to_trt.convert_to_trt manual__2024-10-08T06:31:03.782672+00:00 [queued]>
[2024-10-08T06:31:04.654+0000] {taskinstance.py:1083} INFO - Dependencies all met for <TaskInstance: convert_yolov9_to_trt.convert_to_trt manual__2024-10-08T06:31:03.782672+00:00 [queued]>
[2024-10-08T06:31:04.655+0000] {taskinstance.py:1279} INFO - 
--------------------------------------------------------------------------------
[2024-10-08T06:31:04.655+0000] {taskinstance.py:1280} INFO - Starting attempt 1 of 2
[2024-10-08T06:31:04.655+0000] {taskinstance.py:1281} INFO - 
--------------------------------------------------------------------------------
[2024-10-08T06:31:04.664+0000] {taskinstance.py:1300} INFO - Executing <Task(BashOperator): convert_to_trt> on 2024-10-08 06:31:03.782672+00:00
[2024-10-08T06:31:04.670+0000] {standard_task_runner.py:55} INFO - Started process 6608 to run task
[2024-10-08T06:31:04.672+0000] {standard_task_runner.py:82} INFO - Running: ['***', 'tasks', 'run', 'convert_yolov9_to_trt', 'convert_to_trt', 'manual__2024-10-08T06:31:03.782672+00:00', '--job-id', '11', '--raw', '--subdir', 'DAGS_FOLDER/transform/main.py', '--cfg-path', '/tmp/tmpm9278rj_']
[2024-10-08T06:31:04.673+0000] {standard_task_runner.py:83} INFO - Job 11: Subtask convert_to_trt
[2024-10-08T06:31:04.714+0000] {task_command.py:388} INFO - Running <TaskInstance: convert_yolov9_to_trt.convert_to_trt manual__2024-10-08T06:31:03.782672+00:00 [running]> on host 2de590096d56
[2024-10-08T06:31:04.763+0000] {taskinstance.py:1509} INFO - Exporting the following env vars:
AIRFLOW_CTX_DAG_OWNER=***
AIRFLOW_CTX_DAG_ID=convert_yolov9_to_trt
AIRFLOW_CTX_TASK_ID=convert_to_trt
AIRFLOW_CTX_EXECUTION_DATE=2024-10-08T06:31:03.782672+00:00
AIRFLOW_CTX_TRY_NUMBER=1
AIRFLOW_CTX_DAG_RUN_ID=manual__2024-10-08T06:31:03.782672+00:00
[2024-10-08T06:31:04.764+0000] {subprocess.py:63} INFO - Tmp dir root location: 
 /tmp
[2024-10-08T06:31:04.765+0000] {subprocess.py:75} INFO - Running command: ['/bin/bash', '-c', 'docker run --gpus all --rm -v /home/Desktop/pixel/***/dags/transform/models:/models nvcr.io/nvidia/pytorch:23.08-py3 bash -c "python3 /opt/***/dags/transform/yolov9/export.py --weights /models/yolov9-s-converted.pt --include engine --device 0"']
[2024-10-08T06:31:04.778+0000] {subprocess.py:86} INFO - Output:
[2024-10-08T06:31:04.795+0000] {subprocess.py:93} INFO - Unable to find image 'nvcr.io/nvidia/pytorch:23.08-py3' locally
[2024-10-08T06:31:07.140+0000] {subprocess.py:93} INFO - 23.08-py3: Pulling from nvidia/pytorch
[2024-10-08T06:31:07.681+0000] {subprocess.py:93} INFO - 3153aa388d02: Pulling fs layer
[2024-10-08T06:31:07.681+0000] {subprocess.py:93} INFO - 0ec682bf9971: Pulling fs layer
[2024-10-08T06:31:07.681+0000] {subprocess.py:93} INFO - 9ac855545fa9: Pulling fs layer
[2024-10-08T06:31:07.681+0000] {subprocess.py:93} INFO - 0a77dcbd0e64: Pulling fs layer
[2024-10-08T06:31:07.681+0000] {subprocess.py:93} INFO - 0a1756432df4: Pulling fs layer
[2024-10-08T06:31:07.682+0000] {subprocess.py:93} INFO - e9225f7ab660: Pulling fs layer
[2024-10-08T06:31:07.682+0000] {subprocess.py:93} INFO - 5b5b131e0f20: Pulling fs layer
[2024-10-08T06:31:07.682+0000] {subprocess.py:93} INFO - 238f69a43816: Pulling fs layer
[2024-10-08T06:31:07.682+0000] {subprocess.py:93} INFO - 4d04a8db404f: Pulling fs layer
[2024-10-08T06:31:07.682+0000] {subprocess.py:93} INFO - 7852b73ea931: Pulling fs layer
[2024-10-08T06:31:07.682+0000] {subprocess.py:93} INFO - 3e3e04011ebd: Pulling fs layer
[2024-10-08T06:31:07.682+0000] {subprocess.py:93} INFO - f608e2fbff86: Pulling fs layer
[2024-10-08T06:31:07.682+0000] {subprocess.py:93} INFO - 2ad84487f9d4: Pulling fs layer
[2024-10-08T06:31:07.682+0000] {subprocess.py:93} INFO - a24ac4dbffe8: Pulling fs layer
[2024-10-08T06:31:07.682+0000] {subprocess.py:93} INFO - 681008e40cf9: Pulling fs layer
[2024-10-08T06:31:07.682+0000] {subprocess.py:93} INFO - 693ca498adf9: Pulling fs layer
[2024-10-08T06:31:07.682+0000] {subprocess.py:93} INFO - 4f4fb700ef54: Pulling fs layer
[2024-10-08T06:31:07.683+0000] {subprocess.py:93} INFO - f82403eb7b83: Pulling fs layer
[2024-10-08T06:31:07.683+0000] {subprocess.py:93} INFO - 8035aa77f7fb: Pulling fs layer
[2024-10-08T06:31:07.683+0000] {subprocess.py:93} INFO - 19ea29d74e85: Pulling fs layer
[2024-10-08T06:31:07.683+0000] {subprocess.py:93} INFO - 0a77dcbd0e64: Waiting
[2024-10-08T06:31:07.683+0000] {subprocess.py:93} INFO - 497e75b3d1c5: Pulling fs layer
[2024-10-08T06:31:07.683+0000] {subprocess.py:93} INFO - e4cba662a960: Pulling fs layer
[2024-10-08T06:31:07.683+0000] {subprocess.py:93} INFO - a24ac4dbffe8: Waiting
[2024-10-08T06:31:07.683+0000] {subprocess.py:93} INFO - 2ad84487f9d4: Waiting
[2024-10-08T06:31:07.683+0000] {subprocess.py:93} INFO - 681008e40cf9: Waiting
[2024-10-08T06:31:07.683+0000] {subprocess.py:93} INFO - e9225f7ab660: Waiting
[2024-10-08T06:31:07.683+0000] {subprocess.py:93} INFO - 693ca498adf9: Waiting
[2024-10-08T06:31:07.683+0000] {subprocess.py:93} INFO - 2173aa6212b2: Pulling fs layer
[2024-10-08T06:31:07.683+0000] {subprocess.py:93} INFO - 0a1756432df4: Waiting
[2024-10-08T06:31:07.684+0000] {subprocess.py:93} INFO - bcb3f16762be: Pulling fs layer
[2024-10-08T06:31:07.684+0000] {subprocess.py:93} INFO - 3e3e04011ebd: Waiting
[2024-10-08T06:31:07.684+0000] {subprocess.py:93} INFO - f608e2fbff86: Waiting
[2024-10-08T06:31:07.684+0000] {subprocess.py:93} INFO - 7852b73ea931: Waiting
[2024-10-08T06:31:07.684+0000] {subprocess.py:93} INFO - 5b5b131e0f20: Waiting
[2024-10-08T06:31:07.684+0000] {subprocess.py:93} INFO - 238f69a43816: Waiting
[2024-10-08T06:31:07.684+0000] {subprocess.py:93} INFO - 4f4fb700ef54: Waiting
[2024-10-08T06:31:07.684+0000] {subprocess.py:93} INFO - 4d04a8db404f: Waiting
[2024-10-08T06:31:07.684+0000] {subprocess.py:93} INFO - 9d99671cb595: Pulling fs layer
[2024-10-08T06:31:07.684+0000] {subprocess.py:93} INFO - f82403eb7b83: Waiting
[2024-10-08T06:31:07.684+0000] {subprocess.py:93} INFO - 8035aa77f7fb: Waiting
[2024-10-08T06:31:07.684+0000] {subprocess.py:93} INFO - 05afacb5fb85: Pulling fs layer
[2024-10-08T06:31:07.684+0000] {subprocess.py:93} INFO - 19ea29d74e85: Waiting
[2024-10-08T06:31:07.684+0000] {subprocess.py:93} INFO - 497e75b3d1c5: Waiting
[2024-10-08T06:31:07.684+0000] {subprocess.py:93} INFO - e4cba662a960: Waiting
[2024-10-08T06:31:07.684+0000] {subprocess.py:93} INFO - 2173aa6212b2: Waiting
[2024-10-08T06:31:07.685+0000] {subprocess.py:93} INFO - 9d99671cb595: Waiting
[2024-10-08T06:31:07.685+0000] {subprocess.py:93} INFO - bcb3f16762be: Waiting
[2024-10-08T06:31:07.685+0000] {subprocess.py:93} INFO - f09998a3d18e: Pulling fs layer
[2024-10-08T06:31:07.685+0000] {subprocess.py:93} INFO - 05afacb5fb85: Waiting
[2024-10-08T06:31:07.685+0000] {subprocess.py:93} INFO - ba56bd485673: Pulling fs layer
[2024-10-08T06:31:07.685+0000] {subprocess.py:93} INFO - f019b2fd493d: Pulling fs layer
[2024-10-08T06:31:07.685+0000] {subprocess.py:93} INFO - 0720a06920d5: Pulling fs layer
[2024-10-08T06:31:07.685+0000] {subprocess.py:93} INFO - b40f7980fa75: Pulling fs layer
[2024-10-08T06:31:07.685+0000] {subprocess.py:93} INFO - 458f02c241a1: Pulling fs layer
[2024-10-08T06:31:07.685+0000] {subprocess.py:93} INFO - 3e36ee182e79: Pulling fs layer
[2024-10-08T06:31:07.685+0000] {subprocess.py:93} INFO - 6c9f88339e62: Pulling fs layer
[2024-10-08T06:31:07.685+0000] {subprocess.py:93} INFO - 662de590d31b: Pulling fs layer
[2024-10-08T06:31:07.685+0000] {subprocess.py:93} INFO - 84f7141bcb67: Pulling fs layer
[2024-10-08T06:31:07.685+0000] {subprocess.py:93} INFO - ce782753a19f: Pulling fs layer
[2024-10-08T06:31:07.685+0000] {subprocess.py:93} INFO - f09998a3d18e: Waiting
[2024-10-08T06:31:07.685+0000] {subprocess.py:93} INFO - 458f02c241a1: Waiting
[2024-10-08T06:31:07.686+0000] {subprocess.py:93} INFO - 6c9f88339e62: Waiting
[2024-10-08T06:31:07.686+0000] {subprocess.py:93} INFO - 3e36ee182e79: Waiting
[2024-10-08T06:31:07.686+0000] {subprocess.py:93} INFO - ba56bd485673: Waiting
[2024-10-08T06:31:07.686+0000] {subprocess.py:93} INFO - 662de590d31b: Waiting
[2024-10-08T06:31:07.686+0000] {subprocess.py:93} INFO - f019b2fd493d: Waiting
[2024-10-08T06:31:07.686+0000] {subprocess.py:93} INFO - 84f7141bcb67: Waiting
[2024-10-08T06:31:07.686+0000] {subprocess.py:93} INFO - b40f7980fa75: Waiting
[2024-10-08T06:31:07.686+0000] {subprocess.py:93} INFO - 0720a06920d5: Waiting
[2024-10-08T06:31:07.686+0000] {subprocess.py:93} INFO - ce782753a19f: Waiting
[2024-10-08T06:31:07.686+0000] {subprocess.py:93} INFO - 1f0730ed36c9: Pulling fs layer
[2024-10-08T06:31:07.686+0000] {subprocess.py:93} INFO - 2429a4296879: Pulling fs layer
[2024-10-08T06:31:07.686+0000] {subprocess.py:93} INFO - ca542a4bbaaa: Pulling fs layer
[2024-10-08T06:31:07.686+0000] {subprocess.py:93} INFO - c9a11388a8b4: Pulling fs layer
[2024-10-08T06:31:07.686+0000] {subprocess.py:93} INFO - 1f0730ed36c9: Waiting
[2024-10-08T06:31:07.686+0000] {subprocess.py:93} INFO - 3f049e94611f: Pulling fs layer
[2024-10-08T06:31:07.686+0000] {subprocess.py:93} INFO - ca542a4bbaaa: Waiting
[2024-10-08T06:31:07.686+0000] {subprocess.py:93} INFO - 2429a4296879: Waiting
[2024-10-08T06:31:07.687+0000] {subprocess.py:93} INFO - cb58d08aedd0: Pulling fs layer
[2024-10-08T06:31:07.687+0000] {subprocess.py:93} INFO - 16f4133becab: Pulling fs layer
[2024-10-08T06:31:07.687+0000] {subprocess.py:93} INFO - 0287752c8342: Pulling fs layer
[2024-10-08T06:31:07.687+0000] {subprocess.py:93} INFO - 0426922605a8: Pulling fs layer
[2024-10-08T06:31:07.687+0000] {subprocess.py:93} INFO - cb58d08aedd0: Waiting
[2024-10-08T06:31:07.687+0000] {subprocess.py:93} INFO - 16f4133becab: Waiting
[2024-10-08T06:31:07.687+0000] {subprocess.py:93} INFO - 86ea29fc5964: Pulling fs layer
[2024-10-08T06:31:07.687+0000] {subprocess.py:93} INFO - 7e63c04b708a: Pulling fs layer
[2024-10-08T06:31:07.687+0000] {subprocess.py:93} INFO - 0426922605a8: Waiting
[2024-10-08T06:31:07.687+0000] {subprocess.py:93} INFO - 0287752c8342: Waiting
[2024-10-08T06:31:07.687+0000] {subprocess.py:93} INFO - 756610a546dd: Pulling fs layer
[2024-10-08T06:31:07.687+0000] {subprocess.py:93} INFO - 7e63c04b708a: Waiting
[2024-10-08T06:31:07.687+0000] {subprocess.py:93} INFO - 86ea29fc5964: Waiting
[2024-10-08T06:31:11.602+0000] {subprocess.py:93} INFO - 3153aa388d02: Verifying Checksum
[2024-10-08T06:31:11.602+0000] {subprocess.py:93} INFO - 3153aa388d02: Download complete
[2024-10-08T06:31:12.239+0000] {subprocess.py:93} INFO - 3153aa388d02: Pull complete
[2024-10-08T06:31:12.488+0000] {subprocess.py:93} INFO - 0a77dcbd0e64: Verifying Checksum
[2024-10-08T06:31:12.489+0000] {subprocess.py:93} INFO - 0a77dcbd0e64: Download complete
[2024-10-08T06:31:16.265+0000] {subprocess.py:93} INFO - 0ec682bf9971: Verifying Checksum
[2024-10-08T06:31:16.266+0000] {subprocess.py:93} INFO - 0ec682bf9971: Download complete
[2024-10-08T06:31:17.085+0000] {subprocess.py:93} INFO - e9225f7ab660: Verifying Checksum
[2024-10-08T06:31:17.085+0000] {subprocess.py:93} INFO - e9225f7ab660: Download complete
[2024-10-08T06:31:17.107+0000] {subprocess.py:93} INFO - 9ac855545fa9: Verifying Checksum
[2024-10-08T06:31:17.108+0000] {subprocess.py:93} INFO - 9ac855545fa9: Download complete
[2024-10-08T06:31:17.750+0000] {subprocess.py:93} INFO - 0ec682bf9971: Pull complete
[2024-10-08T06:31:17.926+0000] {subprocess.py:93} INFO - 238f69a43816: Download complete
[2024-10-08T06:31:18.038+0000] {subprocess.py:93} INFO - 5b5b131e0f20: Verifying Checksum
[2024-10-08T06:31:18.038+0000] {subprocess.py:93} INFO - 5b5b131e0f20: Download complete
[2024-10-08T06:31:19.012+0000] {subprocess.py:93} INFO - 9ac855545fa9: Pull complete
[2024-10-08T06:31:19.027+0000] {subprocess.py:93} INFO - 0a77dcbd0e64: Pull complete
[2024-10-08T06:31:19.155+0000] {subprocess.py:93} INFO - 4d04a8db404f: Verifying Checksum
[2024-10-08T06:31:19.155+0000] {subprocess.py:93} INFO - 4d04a8db404f: Download complete
[2024-10-08T06:31:20.936+0000] {subprocess.py:93} INFO - 7852b73ea931: Verifying Checksum
[2024-10-08T06:31:20.936+0000] {subprocess.py:93} INFO - 7852b73ea931: Download complete
[2024-10-08T06:31:21.836+0000] {subprocess.py:93} INFO - f608e2fbff86: Verifying Checksum
[2024-10-08T06:31:21.836+0000] {subprocess.py:93} INFO - f608e2fbff86: Download complete
[2024-10-08T06:31:24.521+0000] {subprocess.py:93} INFO - 3e3e04011ebd: Verifying Checksum
[2024-10-08T06:31:24.521+0000] {subprocess.py:93} INFO - 3e3e04011ebd: Download complete
[2024-10-08T06:31:34.629+0000] {subprocess.py:93} INFO - a24ac4dbffe8: Verifying Checksum
[2024-10-08T06:31:34.629+0000] {subprocess.py:93} INFO - a24ac4dbffe8: Download complete
[2024-10-08T06:31:36.901+0000] {subprocess.py:93} INFO - 681008e40cf9: Download complete
[2024-10-08T06:31:39.942+0000] {subprocess.py:93} INFO - 693ca498adf9: Verifying Checksum
[2024-10-08T06:31:39.942+0000] {subprocess.py:93} INFO - 693ca498adf9: Download complete
[2024-10-08T06:31:40.806+0000] {subprocess.py:93} INFO - 4f4fb700ef54: Verifying Checksum
[2024-10-08T06:31:43.073+0000] {subprocess.py:93} INFO - f82403eb7b83: Verifying Checksum
[2024-10-08T06:31:43.073+0000] {subprocess.py:93} INFO - f82403eb7b83: Download complete
[2024-10-08T06:31:43.909+0000] {subprocess.py:93} INFO - 8035aa77f7fb: Verifying Checksum
[2024-10-08T06:31:43.909+0000] {subprocess.py:93} INFO - 8035aa77f7fb: Download complete
[2024-10-08T06:31:49.797+0000] {subprocess.py:93} INFO - 2ad84487f9d4: Verifying Checksum
[2024-10-08T06:31:49.797+0000] {subprocess.py:93} INFO - 2ad84487f9d4: Download complete
[2024-10-08T06:32:12.376+0000] {subprocess.py:93} INFO - 19ea29d74e85: Verifying Checksum
[2024-10-08T06:32:12.377+0000] {subprocess.py:93} INFO - 19ea29d74e85: Download complete
[2024-10-08T06:32:16.793+0000] {subprocess.py:93} INFO - e4cba662a960: Verifying Checksum
[2024-10-08T06:32:16.794+0000] {subprocess.py:93} INFO - e4cba662a960: Download complete
[2024-10-08T06:32:17.633+0000] {subprocess.py:93} INFO - 2173aa6212b2: Verifying Checksum
[2024-10-08T06:32:17.633+0000] {subprocess.py:93} INFO - 2173aa6212b2: Download complete
[2024-10-08T06:32:22.841+0000] {subprocess.py:93} INFO - bcb3f16762be: Verifying Checksum
[2024-10-08T06:32:22.841+0000] {subprocess.py:93} INFO - bcb3f16762be: Download complete
[2024-10-08T06:32:23.703+0000] {subprocess.py:93} INFO - 9d99671cb595: Verifying Checksum
[2024-10-08T06:32:23.703+0000] {subprocess.py:93} INFO - 9d99671cb595: Download complete
[2024-10-08T06:32:26.478+0000] {subprocess.py:93} INFO - 05afacb5fb85: Verifying Checksum
[2024-10-08T06:32:26.478+0000] {subprocess.py:93} INFO - 05afacb5fb85: Download complete
[2024-10-08T06:32:36.337+0000] {subprocess.py:93} INFO - f09998a3d18e: Verifying Checksum
[2024-10-08T06:32:36.337+0000] {subprocess.py:93} INFO - f09998a3d18e: Download complete
[2024-10-08T06:32:36.389+0000] {subprocess.py:93} INFO - 497e75b3d1c5: Verifying Checksum
[2024-10-08T06:32:36.390+0000] {subprocess.py:93} INFO - 497e75b3d1c5: Download complete
[2024-10-08T06:32:38.974+0000] {subprocess.py:93} INFO - f019b2fd493d: Verifying Checksum
[2024-10-08T06:32:38.974+0000] {subprocess.py:93} INFO - f019b2fd493d: Download complete
[2024-10-08T06:32:45.110+0000] {subprocess.py:93} INFO - 0720a06920d5: Verifying Checksum
[2024-10-08T06:32:45.110+0000] {subprocess.py:93} INFO - 0720a06920d5: Download complete
[2024-10-08T06:33:02.184+0000] {subprocess.py:93} INFO - b40f7980fa75: Verifying Checksum
[2024-10-08T06:33:02.184+0000] {subprocess.py:93} INFO - b40f7980fa75: Download complete
[2024-10-08T06:33:05.274+0000] {subprocess.py:93} INFO - 458f02c241a1: Verifying Checksum
[2024-10-08T06:33:05.274+0000] {subprocess.py:93} INFO - 458f02c241a1: Download complete
[2024-10-08T06:33:06.154+0000] {subprocess.py:93} INFO - 3e36ee182e79: Verifying Checksum
[2024-10-08T06:33:06.154+0000] {subprocess.py:93} INFO - 3e36ee182e79: Download complete
[2024-10-08T06:33:19.337+0000] {subprocess.py:93} INFO - 6c9f88339e62: Verifying Checksum
[2024-10-08T06:33:19.337+0000] {subprocess.py:93} INFO - 6c9f88339e62: Download complete
[2024-10-08T06:33:21.025+0000] {subprocess.py:93} INFO - 662de590d31b: Verifying Checksum
[2024-10-08T06:33:21.026+0000] {subprocess.py:93} INFO - 662de590d31b: Download complete
[2024-10-08T06:33:21.125+0000] {subprocess.py:93} INFO - ba56bd485673: Verifying Checksum
[2024-10-08T06:33:21.125+0000] {subprocess.py:93} INFO - ba56bd485673: Download complete
[2024-10-08T06:33:22.046+0000] {subprocess.py:93} INFO - 84f7141bcb67: Verifying Checksum
[2024-10-08T06:33:22.046+0000] {subprocess.py:93} INFO - 84f7141bcb67: Download complete
[2024-10-08T06:33:22.867+0000] {subprocess.py:93} INFO - 1f0730ed36c9: Verifying Checksum
[2024-10-08T06:33:22.867+0000] {subprocess.py:93} INFO - 1f0730ed36c9: Download complete
[2024-10-08T06:33:23.746+0000] {subprocess.py:93} INFO - 2429a4296879: Verifying Checksum
[2024-10-08T06:33:23.746+0000] {subprocess.py:93} INFO - 2429a4296879: Download complete
[2024-10-08T06:33:25.779+0000] {subprocess.py:93} INFO - ca542a4bbaaa: Verifying Checksum
[2024-10-08T06:33:25.779+0000] {subprocess.py:93} INFO - ca542a4bbaaa: Download complete
[2024-10-08T06:33:29.217+0000] {subprocess.py:93} INFO - c9a11388a8b4: Verifying Checksum
[2024-10-08T06:33:29.218+0000] {subprocess.py:93} INFO - c9a11388a8b4: Download complete
[2024-10-08T06:33:33.181+0000] {subprocess.py:93} INFO - 3f049e94611f: Verifying Checksum
[2024-10-08T06:33:33.181+0000] {subprocess.py:93} INFO - 3f049e94611f: Download complete
[2024-10-08T06:33:34.828+0000] {subprocess.py:93} INFO - cb58d08aedd0: Verifying Checksum
[2024-10-08T06:33:34.829+0000] {subprocess.py:93} INFO - cb58d08aedd0: Download complete
[2024-10-08T06:33:36.725+0000] {subprocess.py:93} INFO - 16f4133becab: Verifying Checksum
[2024-10-08T06:33:36.725+0000] {subprocess.py:93} INFO - 16f4133becab: Download complete
[2024-10-08T06:33:41.745+0000] {subprocess.py:93} INFO - 0287752c8342: Verifying Checksum
[2024-10-08T06:33:41.745+0000] {subprocess.py:93} INFO - 0287752c8342: Download complete
[2024-10-08T06:33:44.159+0000] {subprocess.py:93} INFO - 0426922605a8: Verifying Checksum
[2024-10-08T06:33:44.160+0000] {subprocess.py:93} INFO - 0426922605a8: Download complete
[2024-10-08T06:33:58.084+0000] {subprocess.py:93} INFO - 86ea29fc5964: Verifying Checksum
[2024-10-08T06:33:58.084+0000] {subprocess.py:93} INFO - 86ea29fc5964: Download complete
[2024-10-08T06:33:58.932+0000] {subprocess.py:93} INFO - 7e63c04b708a: Verifying Checksum
[2024-10-08T06:33:58.932+0000] {subprocess.py:93} INFO - 7e63c04b708a: Download complete
[2024-10-08T06:33:59.754+0000] {subprocess.py:93} INFO - 756610a546dd: Verifying Checksum
[2024-10-08T06:33:59.754+0000] {subprocess.py:93} INFO - 756610a546dd: Download complete
[2024-10-08T06:34:06.315+0000] {subprocess.py:93} INFO - 0a1756432df4: Verifying Checksum
[2024-10-08T06:34:06.315+0000] {subprocess.py:93} INFO - 0a1756432df4: Download complete
[2024-10-08T06:34:22.962+0000] {subprocess.py:93} INFO - 0a1756432df4: Pull complete
[2024-10-08T06:34:22.972+0000] {subprocess.py:93} INFO - e9225f7ab660: Pull complete
[2024-10-08T06:34:22.981+0000] {subprocess.py:93} INFO - 5b5b131e0f20: Pull complete
[2024-10-08T06:34:22.991+0000] {subprocess.py:93} INFO - 238f69a43816: Pull complete
[2024-10-08T06:34:23.000+0000] {subprocess.py:93} INFO - 4d04a8db404f: Pull complete
[2024-10-08T06:34:23.573+0000] {subprocess.py:93} INFO - 7852b73ea931: Pull complete
[2024-10-08T06:34:24.384+0000] {subprocess.py:93} INFO - 3e3e04011ebd: Pull complete
[2024-10-08T06:34:24.392+0000] {subprocess.py:93} INFO - f608e2fbff86: Pull complete
[2024-10-08T06:34:26.708+0000] {subprocess.py:93} INFO - 2ad84487f9d4: Pull complete
[2024-10-08T06:34:28.066+0000] {subprocess.py:93} INFO - a24ac4dbffe8: Pull complete
[2024-10-08T06:34:28.291+0000] {subprocess.py:93} INFO - 681008e40cf9: Pull complete
[2024-10-08T06:34:28.829+0000] {subprocess.py:93} INFO - 693ca498adf9: Pull complete
[2024-10-08T06:34:28.838+0000] {subprocess.py:93} INFO - 4f4fb700ef54: Pull complete
[2024-10-08T06:34:29.036+0000] {subprocess.py:93} INFO - f82403eb7b83: Pull complete
[2024-10-08T06:34:29.049+0000] {subprocess.py:93} INFO - 8035aa77f7fb: Pull complete
[2024-10-08T06:34:38.435+0000] {subprocess.py:93} INFO - ce782753a19f: Verifying Checksum
[2024-10-08T06:34:38.435+0000] {subprocess.py:93} INFO - ce782753a19f: Download complete
[2024-10-08T06:34:57.942+0000] {subprocess.py:93} INFO - 19ea29d74e85: Pull complete
[2024-10-08T06:35:06.508+0000] {subprocess.py:93} INFO - 497e75b3d1c5: Pull complete
[2024-10-08T06:35:08.093+0000] {subprocess.py:93} INFO - e4cba662a960: Pull complete
[2024-10-08T06:35:08.106+0000] {subprocess.py:93} INFO - 2173aa6212b2: Pull complete
[2024-10-08T06:35:09.101+0000] {subprocess.py:93} INFO - bcb3f16762be: Pull complete
[2024-10-08T06:35:09.113+0000] {subprocess.py:93} INFO - 9d99671cb595: Pull complete
[2024-10-08T06:35:09.344+0000] {subprocess.py:93} INFO - 05afacb5fb85: Pull complete
[2024-10-08T06:35:10.874+0000] {subprocess.py:93} INFO - f09998a3d18e: Pull complete
[2024-10-08T06:35:18.214+0000] {subprocess.py:93} INFO - ba56bd485673: Pull complete
[2024-10-08T06:35:18.856+0000] {subprocess.py:93} INFO - f019b2fd493d: Pull complete
[2024-10-08T06:35:19.537+0000] {subprocess.py:93} INFO - 0720a06920d5: Pull complete
[2024-10-08T06:35:21.878+0000] {subprocess.py:93} INFO - b40f7980fa75: Pull complete
[2024-10-08T06:35:22.300+0000] {subprocess.py:93} INFO - 458f02c241a1: Pull complete
[2024-10-08T06:35:22.309+0000] {subprocess.py:93} INFO - 3e36ee182e79: Pull complete
[2024-10-08T06:35:26.735+0000] {subprocess.py:93} INFO - 6c9f88339e62: Pull complete
[2024-10-08T06:35:26.774+0000] {subprocess.py:93} INFO - 662de590d31b: Pull complete
[2024-10-08T06:35:26.785+0000] {subprocess.py:93} INFO - 84f7141bcb67: Pull complete
[2024-10-08T06:35:39.088+0000] {subprocess.py:93} INFO - ce782753a19f: Pull complete
[2024-10-08T06:35:39.112+0000] {subprocess.py:93} INFO - 1f0730ed36c9: Pull complete
[2024-10-08T06:35:39.123+0000] {subprocess.py:93} INFO - 2429a4296879: Pull complete
[2024-10-08T06:35:39.332+0000] {subprocess.py:93} INFO - ca542a4bbaaa: Pull complete
[2024-10-08T06:35:39.568+0000] {subprocess.py:93} INFO - c9a11388a8b4: Pull complete
[2024-10-08T06:35:39.827+0000] {subprocess.py:93} INFO - 3f049e94611f: Pull complete
[2024-10-08T06:35:39.863+0000] {subprocess.py:93} INFO - cb58d08aedd0: Pull complete
[2024-10-08T06:35:39.958+0000] {subprocess.py:93} INFO - 16f4133becab: Pull complete
[2024-10-08T06:35:40.853+0000] {subprocess.py:93} INFO - 0287752c8342: Pull complete
[2024-10-08T06:35:41.062+0000] {subprocess.py:93} INFO - 0426922605a8: Pull complete
[2024-10-08T06:35:42.892+0000] {subprocess.py:93} INFO - 86ea29fc5964: Pull complete
[2024-10-08T06:35:42.905+0000] {subprocess.py:93} INFO - 7e63c04b708a: Pull complete
[2024-10-08T06:35:42.914+0000] {subprocess.py:93} INFO - 756610a546dd: Pull complete
[2024-10-08T06:35:42.920+0000] {subprocess.py:93} INFO - Digest: sha256:12a39f22d6e3a3cfcb285a238b6219475181672ff41a557a75bdeeef6d630740
[2024-10-08T06:35:42.921+0000] {subprocess.py:93} INFO - Status: Downloaded newer image for nvcr.io/nvidia/pytorch:23.08-py3
[2024-10-08T06:35:44.073+0000] {subprocess.py:93} INFO - 
[2024-10-08T06:35:44.073+0000] {subprocess.py:93} INFO - =============
[2024-10-08T06:35:44.073+0000] {subprocess.py:93} INFO - == PyTorch ==
[2024-10-08T06:35:44.073+0000] {subprocess.py:93} INFO - =============
[2024-10-08T06:35:44.076+0000] {subprocess.py:93} INFO - 
[2024-10-08T06:35:44.076+0000] {subprocess.py:93} INFO - NVIDIA Release 23.08 (build 66128610)
[2024-10-08T06:35:44.076+0000] {subprocess.py:93} INFO - PyTorch Version 2.1.0a0+29c30b1
[2024-10-08T06:35:44.077+0000] {subprocess.py:93} INFO - 
[2024-10-08T06:35:44.077+0000] {subprocess.py:93} INFO - Container image Copyright (c) 2023, NVIDIA CORPORATION & AFFILIATES. All rights reserved.
[2024-10-08T06:35:44.078+0000] {subprocess.py:93} INFO - 
[2024-10-08T06:35:44.078+0000] {subprocess.py:93} INFO - Copyright (c) 2014-2023 Facebook Inc.
[2024-10-08T06:35:44.078+0000] {subprocess.py:93} INFO - Copyright (c) 2011-2014 Idiap Research Institute (Ronan Collobert)
[2024-10-08T06:35:44.078+0000] {subprocess.py:93} INFO - Copyright (c) 2012-2014 Deepmind Technologies    (Koray Kavukcuoglu)
[2024-10-08T06:35:44.078+0000] {subprocess.py:93} INFO - Copyright (c) 2011-2012 NEC Laboratories America (Koray Kavukcuoglu)
[2024-10-08T06:35:44.078+0000] {subprocess.py:93} INFO - Copyright (c) 2011-2013 NYU                      (Clement Farabet)
[2024-10-08T06:35:44.078+0000] {subprocess.py:93} INFO - Copyright (c) 2006-2010 NEC Laboratories America (Ronan Collobert, Leon Bottou, Iain Melvin, Jason Weston)
[2024-10-08T06:35:44.079+0000] {subprocess.py:93} INFO - Copyright (c) 2006      Idiap Research Institute (Samy Bengio)
[2024-10-08T06:35:44.079+0000] {subprocess.py:93} INFO - Copyright (c) 2001-2004 Idiap Research Institute (Ronan Collobert, Samy Bengio, Johnny Mariethoz)
[2024-10-08T06:35:44.079+0000] {subprocess.py:93} INFO - Copyright (c) 2015      Google Inc.
[2024-10-08T06:35:44.079+0000] {subprocess.py:93} INFO - Copyright (c) 2015      Yangqing Jia
[2024-10-08T06:35:44.079+0000] {subprocess.py:93} INFO - Copyright (c) 2013-2016 The Caffe contributors
[2024-10-08T06:35:44.079+0000] {subprocess.py:93} INFO - All rights reserved.
[2024-10-08T06:35:44.079+0000] {subprocess.py:93} INFO - 
[2024-10-08T06:35:44.080+0000] {subprocess.py:93} INFO - Various files include modifications (c) NVIDIA CORPORATION & AFFILIATES.  All rights reserved.
[2024-10-08T06:35:44.080+0000] {subprocess.py:93} INFO - 
[2024-10-08T06:35:44.080+0000] {subprocess.py:93} INFO - This container image and its contents are governed by the NVIDIA Deep Learning Container License.
[2024-10-08T06:35:44.080+0000] {subprocess.py:93} INFO - By pulling and using the container, you accept the terms and conditions of this license:
[2024-10-08T06:35:44.080+0000] {subprocess.py:93} INFO - https://developer.nvidia.com/ngc/nvidia-deep-learning-container-license
[2024-10-08T06:35:44.219+0000] {subprocess.py:93} INFO - 
[2024-10-08T06:35:44.220+0000] {subprocess.py:93} INFO - NOTE: The SHMEM allocation limit is set to the default of 64MB.  This may be
[2024-10-08T06:35:44.220+0000] {subprocess.py:93} INFO -    insufficient for PyTorch.  NVIDIA recommends the use of the following flags:
[2024-10-08T06:35:44.220+0000] {subprocess.py:93} INFO -    docker run --gpus all --ipc=host --ulimit memlock=-1 --ulimit stack=67108864 ...
[2024-10-08T06:35:44.220+0000] {subprocess.py:93} INFO - 
[2024-10-08T06:35:44.249+0000] {subprocess.py:93} INFO - python3: can't open file '/opt/***/dags/transform/yolov9/export.py': [Errno 2] No such file or directory
[2024-10-08T06:35:44.393+0000] {subprocess.py:97} INFO - Command exited with return code 2
[2024-10-08T06:35:44.406+0000] {taskinstance.py:1768} ERROR - Task failed with exception
Traceback (most recent call last):
  File "/home/airflow/.local/lib/python3.7/site-packages/airflow/operators/bash.py", line 197, in execute
    f"Bash command failed. The command returned a non-zero exit code {result.exit_code}."
airflow.exceptions.AirflowException: Bash command failed. The command returned a non-zero exit code 2.
[2024-10-08T06:35:44.409+0000] {taskinstance.py:1323} INFO - Marking task as UP_FOR_RETRY. dag_id=convert_yolov9_to_trt, task_id=convert_to_trt, execution_date=20241008T063103, start_date=20241008T063104, end_date=20241008T063544
[2024-10-08T06:35:44.421+0000] {standard_task_runner.py:105} ERROR - Failed to execute job 11 for task convert_to_trt (Bash command failed. The command returned a non-zero exit code 2.; 6608)
[2024-10-08T06:35:44.458+0000] {local_task_job.py:208} INFO - Task exited with return code 1
[2024-10-08T06:35:44.470+0000] {taskinstance.py:2578} INFO - 0 downstream tasks scheduled from follow-on schedule check
