[2024-10-11T11:13:27.463+0000] {processor.py:153} INFO - Started process (PID=3243) to work on /opt/airflow/dags/model/best.pt
[2024-10-11T11:13:27.463+0000] {processor.py:743} INFO - Processing file /opt/airflow/dags/model/best.pt for tasks to queue
[2024-10-11T11:13:27.464+0000] {logging_mixin.py:137} INFO - [2024-10-11T11:13:27.463+0000] {dagbag.py:538} INFO - Filling up the DagBag from /opt/airflow/dags/model/best.pt
[2024-10-11T11:13:27.484+0000] {processor.py:755} WARNING - No viable dags retrieved from /opt/airflow/dags/model/best.pt
[2024-10-11T11:13:27.494+0000] {processor.py:175} INFO - Processing /opt/airflow/dags/model/best.pt took 0.034 seconds
[2024-10-11T11:13:57.684+0000] {processor.py:153} INFO - Started process (PID=3335) to work on /opt/airflow/dags/model/best.pt
[2024-10-11T11:13:57.685+0000] {processor.py:743} INFO - Processing file /opt/airflow/dags/model/best.pt for tasks to queue
[2024-10-11T11:13:57.685+0000] {logging_mixin.py:137} INFO - [2024-10-11T11:13:57.685+0000] {dagbag.py:538} INFO - Filling up the DagBag from /opt/airflow/dags/model/best.pt
[2024-10-11T11:13:57.702+0000] {processor.py:755} WARNING - No viable dags retrieved from /opt/airflow/dags/model/best.pt
[2024-10-11T11:13:57.712+0000] {processor.py:175} INFO - Processing /opt/airflow/dags/model/best.pt took 0.031 seconds
[2024-10-11T11:14:27.905+0000] {processor.py:153} INFO - Started process (PID=3451) to work on /opt/airflow/dags/model/best.pt
[2024-10-11T11:14:27.905+0000] {processor.py:743} INFO - Processing file /opt/airflow/dags/model/best.pt for tasks to queue
[2024-10-11T11:14:27.906+0000] {logging_mixin.py:137} INFO - [2024-10-11T11:14:27.906+0000] {dagbag.py:538} INFO - Filling up the DagBag from /opt/airflow/dags/model/best.pt
[2024-10-11T11:14:27.922+0000] {processor.py:755} WARNING - No viable dags retrieved from /opt/airflow/dags/model/best.pt
[2024-10-11T11:14:27.932+0000] {processor.py:175} INFO - Processing /opt/airflow/dags/model/best.pt took 0.030 seconds
[2024-10-11T11:14:58.042+0000] {processor.py:153} INFO - Started process (PID=3543) to work on /opt/airflow/dags/model/best.pt
[2024-10-11T11:14:58.042+0000] {processor.py:743} INFO - Processing file /opt/airflow/dags/model/best.pt for tasks to queue
[2024-10-11T11:14:58.043+0000] {logging_mixin.py:137} INFO - [2024-10-11T11:14:58.043+0000] {dagbag.py:538} INFO - Filling up the DagBag from /opt/airflow/dags/model/best.pt
[2024-10-11T11:14:58.059+0000] {processor.py:755} WARNING - No viable dags retrieved from /opt/airflow/dags/model/best.pt
[2024-10-11T11:14:58.069+0000] {processor.py:175} INFO - Processing /opt/airflow/dags/model/best.pt took 0.029 seconds
[2024-10-11T11:15:28.356+0000] {processor.py:153} INFO - Started process (PID=3659) to work on /opt/airflow/dags/model/best.pt
[2024-10-11T11:15:28.357+0000] {processor.py:743} INFO - Processing file /opt/airflow/dags/model/best.pt for tasks to queue
[2024-10-11T11:15:28.357+0000] {logging_mixin.py:137} INFO - [2024-10-11T11:15:28.357+0000] {dagbag.py:538} INFO - Filling up the DagBag from /opt/airflow/dags/model/best.pt
[2024-10-11T11:15:28.374+0000] {processor.py:755} WARNING - No viable dags retrieved from /opt/airflow/dags/model/best.pt
[2024-10-11T11:15:28.383+0000] {processor.py:175} INFO - Processing /opt/airflow/dags/model/best.pt took 0.030 seconds
[2024-10-11T11:15:58.506+0000] {processor.py:153} INFO - Started process (PID=3760) to work on /opt/airflow/dags/model/best.pt
[2024-10-11T11:15:58.507+0000] {processor.py:743} INFO - Processing file /opt/airflow/dags/model/best.pt for tasks to queue
[2024-10-11T11:15:58.508+0000] {logging_mixin.py:137} INFO - [2024-10-11T11:15:58.508+0000] {dagbag.py:538} INFO - Filling up the DagBag from /opt/airflow/dags/model/best.pt
[2024-10-11T11:15:58.525+0000] {processor.py:755} WARNING - No viable dags retrieved from /opt/airflow/dags/model/best.pt
[2024-10-11T11:15:58.535+0000] {processor.py:175} INFO - Processing /opt/airflow/dags/model/best.pt took 0.031 seconds
[2024-10-11T11:16:28.698+0000] {processor.py:153} INFO - Started process (PID=3867) to work on /opt/airflow/dags/model/best.pt
[2024-10-11T11:16:28.699+0000] {processor.py:743} INFO - Processing file /opt/airflow/dags/model/best.pt for tasks to queue
[2024-10-11T11:16:28.699+0000] {logging_mixin.py:137} INFO - [2024-10-11T11:16:28.699+0000] {dagbag.py:538} INFO - Filling up the DagBag from /opt/airflow/dags/model/best.pt
[2024-10-11T11:16:28.716+0000] {processor.py:755} WARNING - No viable dags retrieved from /opt/airflow/dags/model/best.pt
[2024-10-11T11:16:28.725+0000] {processor.py:175} INFO - Processing /opt/airflow/dags/model/best.pt took 0.030 seconds
[2024-10-11T11:16:59.668+0000] {processor.py:153} INFO - Started process (PID=3983) to work on /opt/airflow/dags/model/best.pt
[2024-10-11T11:16:59.668+0000] {processor.py:743} INFO - Processing file /opt/airflow/dags/model/best.pt for tasks to queue
[2024-10-11T11:16:59.669+0000] {logging_mixin.py:137} INFO - [2024-10-11T11:16:59.669+0000] {dagbag.py:538} INFO - Filling up the DagBag from /opt/airflow/dags/model/best.pt
[2024-10-11T11:16:59.685+0000] {processor.py:755} WARNING - No viable dags retrieved from /opt/airflow/dags/model/best.pt
[2024-10-11T11:16:59.695+0000] {processor.py:175} INFO - Processing /opt/airflow/dags/model/best.pt took 0.029 seconds
[2024-10-11T11:17:29.815+0000] {processor.py:153} INFO - Started process (PID=4075) to work on /opt/airflow/dags/model/best.pt
[2024-10-11T11:17:29.816+0000] {processor.py:743} INFO - Processing file /opt/airflow/dags/model/best.pt for tasks to queue
[2024-10-11T11:17:29.817+0000] {logging_mixin.py:137} INFO - [2024-10-11T11:17:29.817+0000] {dagbag.py:538} INFO - Filling up the DagBag from /opt/airflow/dags/model/best.pt
[2024-10-11T11:17:29.834+0000] {processor.py:755} WARNING - No viable dags retrieved from /opt/airflow/dags/model/best.pt
[2024-10-11T11:17:29.844+0000] {processor.py:175} INFO - Processing /opt/airflow/dags/model/best.pt took 0.031 seconds
[2024-10-11T11:18:00.088+0000] {processor.py:153} INFO - Started process (PID=4191) to work on /opt/airflow/dags/model/best.pt
[2024-10-11T11:18:00.089+0000] {processor.py:743} INFO - Processing file /opt/airflow/dags/model/best.pt for tasks to queue
[2024-10-11T11:18:00.089+0000] {logging_mixin.py:137} INFO - [2024-10-11T11:18:00.089+0000] {dagbag.py:538} INFO - Filling up the DagBag from /opt/airflow/dags/model/best.pt
[2024-10-11T11:18:00.107+0000] {processor.py:755} WARNING - No viable dags retrieved from /opt/airflow/dags/model/best.pt
[2024-10-11T11:18:00.116+0000] {processor.py:175} INFO - Processing /opt/airflow/dags/model/best.pt took 0.030 seconds
[2024-10-11T11:18:30.212+0000] {processor.py:153} INFO - Started process (PID=4283) to work on /opt/airflow/dags/model/best.pt
[2024-10-11T11:18:30.213+0000] {processor.py:743} INFO - Processing file /opt/airflow/dags/model/best.pt for tasks to queue
[2024-10-11T11:18:30.214+0000] {logging_mixin.py:137} INFO - [2024-10-11T11:18:30.214+0000] {dagbag.py:538} INFO - Filling up the DagBag from /opt/airflow/dags/model/best.pt
[2024-10-11T11:18:30.230+0000] {processor.py:755} WARNING - No viable dags retrieved from /opt/airflow/dags/model/best.pt
[2024-10-11T11:18:30.239+0000] {processor.py:175} INFO - Processing /opt/airflow/dags/model/best.pt took 0.030 seconds
[2024-10-11T11:26:49.836+0000] {processor.py:153} INFO - Started process (PID=49) to work on /opt/airflow/dags/model/best.pt
[2024-10-11T11:26:49.836+0000] {processor.py:743} INFO - Processing file /opt/airflow/dags/model/best.pt for tasks to queue
[2024-10-11T11:26:49.837+0000] {logging_mixin.py:137} INFO - [2024-10-11T11:26:49.837+0000] {dagbag.py:538} INFO - Filling up the DagBag from /opt/airflow/dags/model/best.pt
[2024-10-11T11:26:49.844+0000] {processor.py:755} WARNING - No viable dags retrieved from /opt/airflow/dags/model/best.pt
[2024-10-11T11:26:49.853+0000] {processor.py:175} INFO - Processing /opt/airflow/dags/model/best.pt took 0.019 seconds
[2024-10-11T11:27:20.791+0000] {processor.py:153} INFO - Started process (PID=166) to work on /opt/airflow/dags/model/best.pt
[2024-10-11T11:27:20.792+0000] {processor.py:743} INFO - Processing file /opt/airflow/dags/model/best.pt for tasks to queue
[2024-10-11T11:27:20.792+0000] {logging_mixin.py:137} INFO - [2024-10-11T11:27:20.792+0000] {dagbag.py:538} INFO - Filling up the DagBag from /opt/airflow/dags/model/best.pt
[2024-10-11T11:27:20.800+0000] {processor.py:755} WARNING - No viable dags retrieved from /opt/airflow/dags/model/best.pt
[2024-10-11T11:27:20.809+0000] {processor.py:175} INFO - Processing /opt/airflow/dags/model/best.pt took 0.021 seconds
[2024-10-11T11:27:50.886+0000] {processor.py:153} INFO - Started process (PID=259) to work on /opt/airflow/dags/model/best.pt
[2024-10-11T11:27:50.887+0000] {processor.py:743} INFO - Processing file /opt/airflow/dags/model/best.pt for tasks to queue
[2024-10-11T11:27:50.887+0000] {logging_mixin.py:137} INFO - [2024-10-11T11:27:50.887+0000] {dagbag.py:538} INFO - Filling up the DagBag from /opt/airflow/dags/model/best.pt
[2024-10-11T11:27:50.894+0000] {processor.py:755} WARNING - No viable dags retrieved from /opt/airflow/dags/model/best.pt
[2024-10-11T11:27:50.903+0000] {processor.py:175} INFO - Processing /opt/airflow/dags/model/best.pt took 0.019 seconds
[2024-10-11T11:28:21.315+0000] {processor.py:153} INFO - Started process (PID=376) to work on /opt/airflow/dags/model/best.pt
[2024-10-11T11:28:21.315+0000] {processor.py:743} INFO - Processing file /opt/airflow/dags/model/best.pt for tasks to queue
[2024-10-11T11:28:21.316+0000] {logging_mixin.py:137} INFO - [2024-10-11T11:28:21.316+0000] {dagbag.py:538} INFO - Filling up the DagBag from /opt/airflow/dags/model/best.pt
[2024-10-11T11:28:21.324+0000] {processor.py:755} WARNING - No viable dags retrieved from /opt/airflow/dags/model/best.pt
[2024-10-11T11:28:21.335+0000] {processor.py:175} INFO - Processing /opt/airflow/dags/model/best.pt took 0.023 seconds
[2024-10-11T11:28:52.160+0000] {processor.py:153} INFO - Started process (PID=469) to work on /opt/airflow/dags/model/best.pt
[2024-10-11T11:28:52.160+0000] {processor.py:743} INFO - Processing file /opt/airflow/dags/model/best.pt for tasks to queue
[2024-10-11T11:28:52.161+0000] {logging_mixin.py:137} INFO - [2024-10-11T11:28:52.161+0000] {dagbag.py:538} INFO - Filling up the DagBag from /opt/airflow/dags/model/best.pt
[2024-10-11T11:28:52.168+0000] {processor.py:755} WARNING - No viable dags retrieved from /opt/airflow/dags/model/best.pt
[2024-10-11T11:28:52.177+0000] {processor.py:175} INFO - Processing /opt/airflow/dags/model/best.pt took 0.019 seconds
[2024-10-11T11:29:22.341+0000] {processor.py:153} INFO - Started process (PID=586) to work on /opt/airflow/dags/model/best.pt
[2024-10-11T11:29:22.342+0000] {processor.py:743} INFO - Processing file /opt/airflow/dags/model/best.pt for tasks to queue
[2024-10-11T11:29:22.342+0000] {logging_mixin.py:137} INFO - [2024-10-11T11:29:22.342+0000] {dagbag.py:538} INFO - Filling up the DagBag from /opt/airflow/dags/model/best.pt
[2024-10-11T11:29:22.350+0000] {processor.py:755} WARNING - No viable dags retrieved from /opt/airflow/dags/model/best.pt
[2024-10-11T11:29:22.359+0000] {processor.py:175} INFO - Processing /opt/airflow/dags/model/best.pt took 0.020 seconds
[2024-10-11T11:29:52.657+0000] {processor.py:153} INFO - Started process (PID=703) to work on /opt/airflow/dags/model/best.pt
[2024-10-11T11:29:52.661+0000] {processor.py:743} INFO - Processing file /opt/airflow/dags/model/best.pt for tasks to queue
[2024-10-11T11:29:52.662+0000] {logging_mixin.py:137} INFO - [2024-10-11T11:29:52.662+0000] {dagbag.py:538} INFO - Filling up the DagBag from /opt/airflow/dags/model/best.pt
[2024-10-11T11:29:52.674+0000] {processor.py:755} WARNING - No viable dags retrieved from /opt/airflow/dags/model/best.pt
[2024-10-11T11:29:52.684+0000] {processor.py:175} INFO - Processing /opt/airflow/dags/model/best.pt took 0.034 seconds
[2024-10-11T11:30:22.755+0000] {processor.py:153} INFO - Started process (PID=796) to work on /opt/airflow/dags/model/best.pt
[2024-10-11T11:30:22.755+0000] {processor.py:743} INFO - Processing file /opt/airflow/dags/model/best.pt for tasks to queue
[2024-10-11T11:30:22.756+0000] {logging_mixin.py:137} INFO - [2024-10-11T11:30:22.756+0000] {dagbag.py:538} INFO - Filling up the DagBag from /opt/airflow/dags/model/best.pt
[2024-10-11T11:30:22.763+0000] {processor.py:755} WARNING - No viable dags retrieved from /opt/airflow/dags/model/best.pt
[2024-10-11T11:30:22.772+0000] {processor.py:175} INFO - Processing /opt/airflow/dags/model/best.pt took 0.019 seconds
[2024-10-11T11:30:53.732+0000] {processor.py:153} INFO - Started process (PID=913) to work on /opt/airflow/dags/model/best.pt
[2024-10-11T11:30:53.732+0000] {processor.py:743} INFO - Processing file /opt/airflow/dags/model/best.pt for tasks to queue
[2024-10-11T11:30:53.733+0000] {logging_mixin.py:137} INFO - [2024-10-11T11:30:53.733+0000] {dagbag.py:538} INFO - Filling up the DagBag from /opt/airflow/dags/model/best.pt
[2024-10-11T11:30:53.739+0000] {processor.py:755} WARNING - No viable dags retrieved from /opt/airflow/dags/model/best.pt
[2024-10-11T11:30:53.749+0000] {processor.py:175} INFO - Processing /opt/airflow/dags/model/best.pt took 0.020 seconds
[2024-10-11T11:31:24.687+0000] {processor.py:153} INFO - Started process (PID=1006) to work on /opt/airflow/dags/model/best.pt
[2024-10-11T11:31:24.688+0000] {processor.py:743} INFO - Processing file /opt/airflow/dags/model/best.pt for tasks to queue
[2024-10-11T11:31:24.688+0000] {logging_mixin.py:137} INFO - [2024-10-11T11:31:24.688+0000] {dagbag.py:538} INFO - Filling up the DagBag from /opt/airflow/dags/model/best.pt
[2024-10-11T11:31:24.695+0000] {processor.py:755} WARNING - No viable dags retrieved from /opt/airflow/dags/model/best.pt
[2024-10-11T11:31:24.704+0000] {processor.py:175} INFO - Processing /opt/airflow/dags/model/best.pt took 0.019 seconds
[2024-10-11T11:31:54.916+0000] {processor.py:153} INFO - Started process (PID=1123) to work on /opt/airflow/dags/model/best.pt
[2024-10-11T11:31:54.916+0000] {processor.py:743} INFO - Processing file /opt/airflow/dags/model/best.pt for tasks to queue
[2024-10-11T11:31:54.917+0000] {logging_mixin.py:137} INFO - [2024-10-11T11:31:54.917+0000] {dagbag.py:538} INFO - Filling up the DagBag from /opt/airflow/dags/model/best.pt
[2024-10-11T11:31:54.924+0000] {processor.py:755} WARNING - No viable dags retrieved from /opt/airflow/dags/model/best.pt
[2024-10-11T11:31:54.933+0000] {processor.py:175} INFO - Processing /opt/airflow/dags/model/best.pt took 0.019 seconds
[2024-10-11T11:35:20.427+0000] {processor.py:153} INFO - Started process (PID=49) to work on /opt/airflow/dags/model/best.pt
[2024-10-11T11:35:20.427+0000] {processor.py:743} INFO - Processing file /opt/airflow/dags/model/best.pt for tasks to queue
[2024-10-11T11:35:20.428+0000] {logging_mixin.py:137} INFO - [2024-10-11T11:35:20.428+0000] {dagbag.py:538} INFO - Filling up the DagBag from /opt/airflow/dags/model/best.pt
[2024-10-11T11:35:20.435+0000] {processor.py:755} WARNING - No viable dags retrieved from /opt/airflow/dags/model/best.pt
[2024-10-11T11:35:20.444+0000] {processor.py:175} INFO - Processing /opt/airflow/dags/model/best.pt took 0.020 seconds
[2024-10-11T11:35:51.400+0000] {processor.py:153} INFO - Started process (PID=166) to work on /opt/airflow/dags/model/best.pt
[2024-10-11T11:35:51.401+0000] {processor.py:743} INFO - Processing file /opt/airflow/dags/model/best.pt for tasks to queue
[2024-10-11T11:35:51.401+0000] {logging_mixin.py:137} INFO - [2024-10-11T11:35:51.401+0000] {dagbag.py:538} INFO - Filling up the DagBag from /opt/airflow/dags/model/best.pt
[2024-10-11T11:35:51.408+0000] {processor.py:755} WARNING - No viable dags retrieved from /opt/airflow/dags/model/best.pt
[2024-10-11T11:35:51.416+0000] {processor.py:175} INFO - Processing /opt/airflow/dags/model/best.pt took 0.018 seconds
[2024-10-11T11:36:22.484+0000] {processor.py:153} INFO - Started process (PID=268) to work on /opt/airflow/dags/model/best.pt
[2024-10-11T11:36:22.485+0000] {processor.py:743} INFO - Processing file /opt/airflow/dags/model/best.pt for tasks to queue
[2024-10-11T11:36:22.485+0000] {logging_mixin.py:137} INFO - [2024-10-11T11:36:22.485+0000] {dagbag.py:538} INFO - Filling up the DagBag from /opt/airflow/dags/model/best.pt
[2024-10-11T11:36:22.513+0000] {processor.py:755} WARNING - No viable dags retrieved from /opt/airflow/dags/model/best.pt
[2024-10-11T11:36:22.536+0000] {processor.py:175} INFO - Processing /opt/airflow/dags/model/best.pt took 0.053 seconds
[2024-10-11T11:36:53.447+0000] {processor.py:153} INFO - Started process (PID=376) to work on /opt/airflow/dags/model/best.pt
[2024-10-11T11:36:53.448+0000] {processor.py:743} INFO - Processing file /opt/airflow/dags/model/best.pt for tasks to queue
[2024-10-11T11:36:53.448+0000] {logging_mixin.py:137} INFO - [2024-10-11T11:36:53.448+0000] {dagbag.py:538} INFO - Filling up the DagBag from /opt/airflow/dags/model/best.pt
[2024-10-11T11:36:53.455+0000] {processor.py:755} WARNING - No viable dags retrieved from /opt/airflow/dags/model/best.pt
[2024-10-11T11:36:53.464+0000] {processor.py:175} INFO - Processing /opt/airflow/dags/model/best.pt took 0.019 seconds
[2024-10-11T11:37:24.295+0000] {processor.py:153} INFO - Started process (PID=493) to work on /opt/airflow/dags/model/best.pt
[2024-10-11T11:37:24.296+0000] {processor.py:743} INFO - Processing file /opt/airflow/dags/model/best.pt for tasks to queue
[2024-10-11T11:37:24.296+0000] {logging_mixin.py:137} INFO - [2024-10-11T11:37:24.296+0000] {dagbag.py:538} INFO - Filling up the DagBag from /opt/airflow/dags/model/best.pt
[2024-10-11T11:37:24.303+0000] {processor.py:755} WARNING - No viable dags retrieved from /opt/airflow/dags/model/best.pt
[2024-10-11T11:37:24.311+0000] {processor.py:175} INFO - Processing /opt/airflow/dags/model/best.pt took 0.018 seconds
[2024-10-11T11:37:55.210+0000] {processor.py:153} INFO - Started process (PID=595) to work on /opt/airflow/dags/model/best.pt
[2024-10-11T11:37:55.211+0000] {processor.py:743} INFO - Processing file /opt/airflow/dags/model/best.pt for tasks to queue
[2024-10-11T11:37:55.211+0000] {logging_mixin.py:137} INFO - [2024-10-11T11:37:55.211+0000] {dagbag.py:538} INFO - Filling up the DagBag from /opt/airflow/dags/model/best.pt
[2024-10-11T11:37:55.219+0000] {processor.py:755} WARNING - No viable dags retrieved from /opt/airflow/dags/model/best.pt
[2024-10-11T11:37:55.228+0000] {processor.py:175} INFO - Processing /opt/airflow/dags/model/best.pt took 0.020 seconds
[2024-10-11T11:38:26.245+0000] {processor.py:153} INFO - Started process (PID=703) to work on /opt/airflow/dags/model/best.pt
[2024-10-11T11:38:26.245+0000] {processor.py:743} INFO - Processing file /opt/airflow/dags/model/best.pt for tasks to queue
[2024-10-11T11:38:26.246+0000] {logging_mixin.py:137} INFO - [2024-10-11T11:38:26.246+0000] {dagbag.py:538} INFO - Filling up the DagBag from /opt/airflow/dags/model/best.pt
[2024-10-11T11:38:26.253+0000] {processor.py:755} WARNING - No viable dags retrieved from /opt/airflow/dags/model/best.pt
[2024-10-11T11:38:26.261+0000] {processor.py:175} INFO - Processing /opt/airflow/dags/model/best.pt took 0.018 seconds
[2024-10-11T11:38:57.166+0000] {processor.py:153} INFO - Started process (PID=820) to work on /opt/airflow/dags/model/best.pt
[2024-10-11T11:38:57.166+0000] {processor.py:743} INFO - Processing file /opt/airflow/dags/model/best.pt for tasks to queue
[2024-10-11T11:38:57.167+0000] {logging_mixin.py:137} INFO - [2024-10-11T11:38:57.166+0000] {dagbag.py:538} INFO - Filling up the DagBag from /opt/airflow/dags/model/best.pt
[2024-10-11T11:38:57.173+0000] {processor.py:755} WARNING - No viable dags retrieved from /opt/airflow/dags/model/best.pt
[2024-10-11T11:38:57.182+0000] {processor.py:175} INFO - Processing /opt/airflow/dags/model/best.pt took 0.018 seconds
[2024-10-11T11:39:28.123+0000] {processor.py:153} INFO - Started process (PID=913) to work on /opt/airflow/dags/model/best.pt
[2024-10-11T11:39:28.123+0000] {processor.py:743} INFO - Processing file /opt/airflow/dags/model/best.pt for tasks to queue
[2024-10-11T11:39:28.124+0000] {logging_mixin.py:137} INFO - [2024-10-11T11:39:28.124+0000] {dagbag.py:538} INFO - Filling up the DagBag from /opt/airflow/dags/model/best.pt
[2024-10-11T11:39:28.131+0000] {processor.py:755} WARNING - No viable dags retrieved from /opt/airflow/dags/model/best.pt
[2024-10-11T11:39:28.139+0000] {processor.py:175} INFO - Processing /opt/airflow/dags/model/best.pt took 0.019 seconds
[2024-10-11T11:39:58.358+0000] {processor.py:153} INFO - Started process (PID=1030) to work on /opt/airflow/dags/model/best.pt
[2024-10-11T11:39:58.359+0000] {processor.py:743} INFO - Processing file /opt/airflow/dags/model/best.pt for tasks to queue
[2024-10-11T11:39:58.359+0000] {logging_mixin.py:137} INFO - [2024-10-11T11:39:58.359+0000] {dagbag.py:538} INFO - Filling up the DagBag from /opt/airflow/dags/model/best.pt
[2024-10-11T11:39:58.366+0000] {processor.py:755} WARNING - No viable dags retrieved from /opt/airflow/dags/model/best.pt
[2024-10-11T11:39:58.376+0000] {processor.py:175} INFO - Processing /opt/airflow/dags/model/best.pt took 0.020 seconds
[2024-10-11T11:40:28.757+0000] {processor.py:153} INFO - Started process (PID=1147) to work on /opt/airflow/dags/model/best.pt
[2024-10-11T11:40:28.757+0000] {processor.py:743} INFO - Processing file /opt/airflow/dags/model/best.pt for tasks to queue
[2024-10-11T11:40:28.758+0000] {logging_mixin.py:137} INFO - [2024-10-11T11:40:28.758+0000] {dagbag.py:538} INFO - Filling up the DagBag from /opt/airflow/dags/model/best.pt
[2024-10-11T11:40:28.766+0000] {processor.py:755} WARNING - No viable dags retrieved from /opt/airflow/dags/model/best.pt
[2024-10-11T11:40:28.775+0000] {processor.py:175} INFO - Processing /opt/airflow/dags/model/best.pt took 0.020 seconds
[2024-10-11T11:40:58.873+0000] {processor.py:153} INFO - Started process (PID=1240) to work on /opt/airflow/dags/model/best.pt
[2024-10-11T11:40:58.874+0000] {processor.py:743} INFO - Processing file /opt/airflow/dags/model/best.pt for tasks to queue
[2024-10-11T11:40:58.875+0000] {logging_mixin.py:137} INFO - [2024-10-11T11:40:58.875+0000] {dagbag.py:538} INFO - Filling up the DagBag from /opt/airflow/dags/model/best.pt
[2024-10-11T11:40:58.882+0000] {processor.py:755} WARNING - No viable dags retrieved from /opt/airflow/dags/model/best.pt
[2024-10-11T11:40:58.890+0000] {processor.py:175} INFO - Processing /opt/airflow/dags/model/best.pt took 0.019 seconds
[2024-10-11T11:41:29.584+0000] {processor.py:153} INFO - Started process (PID=1357) to work on /opt/airflow/dags/model/best.pt
[2024-10-11T11:41:29.585+0000] {processor.py:743} INFO - Processing file /opt/airflow/dags/model/best.pt for tasks to queue
[2024-10-11T11:41:29.585+0000] {logging_mixin.py:137} INFO - [2024-10-11T11:41:29.585+0000] {dagbag.py:538} INFO - Filling up the DagBag from /opt/airflow/dags/model/best.pt
[2024-10-11T11:41:29.592+0000] {processor.py:755} WARNING - No viable dags retrieved from /opt/airflow/dags/model/best.pt
[2024-10-11T11:41:29.601+0000] {processor.py:175} INFO - Processing /opt/airflow/dags/model/best.pt took 0.019 seconds
[2024-10-11T11:42:00.339+0000] {processor.py:153} INFO - Started process (PID=1450) to work on /opt/airflow/dags/model/best.pt
[2024-10-11T11:42:00.340+0000] {processor.py:743} INFO - Processing file /opt/airflow/dags/model/best.pt for tasks to queue
[2024-10-11T11:42:00.340+0000] {logging_mixin.py:137} INFO - [2024-10-11T11:42:00.340+0000] {dagbag.py:538} INFO - Filling up the DagBag from /opt/airflow/dags/model/best.pt
[2024-10-11T11:42:00.348+0000] {processor.py:755} WARNING - No viable dags retrieved from /opt/airflow/dags/model/best.pt
[2024-10-11T11:42:00.357+0000] {processor.py:175} INFO - Processing /opt/airflow/dags/model/best.pt took 0.019 seconds
[2024-10-11T11:42:30.504+0000] {processor.py:153} INFO - Started process (PID=1567) to work on /opt/airflow/dags/model/best.pt
[2024-10-11T11:42:30.505+0000] {processor.py:743} INFO - Processing file /opt/airflow/dags/model/best.pt for tasks to queue
[2024-10-11T11:42:30.505+0000] {logging_mixin.py:137} INFO - [2024-10-11T11:42:30.505+0000] {dagbag.py:538} INFO - Filling up the DagBag from /opt/airflow/dags/model/best.pt
[2024-10-11T11:42:30.512+0000] {processor.py:755} WARNING - No viable dags retrieved from /opt/airflow/dags/model/best.pt
[2024-10-11T11:42:30.521+0000] {processor.py:175} INFO - Processing /opt/airflow/dags/model/best.pt took 0.019 seconds
[2024-10-11T11:43:00.689+0000] {processor.py:153} INFO - Started process (PID=1684) to work on /opt/airflow/dags/model/best.pt
[2024-10-11T11:43:00.690+0000] {processor.py:743} INFO - Processing file /opt/airflow/dags/model/best.pt for tasks to queue
[2024-10-11T11:43:00.691+0000] {logging_mixin.py:137} INFO - [2024-10-11T11:43:00.691+0000] {dagbag.py:538} INFO - Filling up the DagBag from /opt/airflow/dags/model/best.pt
[2024-10-11T11:43:00.702+0000] {processor.py:755} WARNING - No viable dags retrieved from /opt/airflow/dags/model/best.pt
[2024-10-11T11:43:00.712+0000] {processor.py:175} INFO - Processing /opt/airflow/dags/model/best.pt took 0.026 seconds
[2024-10-11T11:43:30.997+0000] {processor.py:153} INFO - Started process (PID=1777) to work on /opt/airflow/dags/model/best.pt
[2024-10-11T11:43:30.997+0000] {processor.py:743} INFO - Processing file /opt/airflow/dags/model/best.pt for tasks to queue
[2024-10-11T11:43:30.998+0000] {logging_mixin.py:137} INFO - [2024-10-11T11:43:30.998+0000] {dagbag.py:538} INFO - Filling up the DagBag from /opt/airflow/dags/model/best.pt
[2024-10-11T11:43:31.005+0000] {processor.py:755} WARNING - No viable dags retrieved from /opt/airflow/dags/model/best.pt
[2024-10-11T11:43:31.014+0000] {processor.py:175} INFO - Processing /opt/airflow/dags/model/best.pt took 0.019 seconds
[2024-10-11T11:44:01.197+0000] {processor.py:153} INFO - Started process (PID=1894) to work on /opt/airflow/dags/model/best.pt
[2024-10-11T11:44:01.197+0000] {processor.py:743} INFO - Processing file /opt/airflow/dags/model/best.pt for tasks to queue
[2024-10-11T11:44:01.198+0000] {logging_mixin.py:137} INFO - [2024-10-11T11:44:01.198+0000] {dagbag.py:538} INFO - Filling up the DagBag from /opt/airflow/dags/model/best.pt
[2024-10-11T11:44:01.205+0000] {processor.py:755} WARNING - No viable dags retrieved from /opt/airflow/dags/model/best.pt
[2024-10-11T11:44:01.214+0000] {processor.py:175} INFO - Processing /opt/airflow/dags/model/best.pt took 0.019 seconds
