[2024-10-11T10:37:22.882+0000] {taskinstance.py:1083} INFO - Dependencies all met for <TaskInstance: convert_yolov9_to_trt.log_source_dir manual__2024-10-11T10:37:21.702506+00:00 [queued]>
[2024-10-11T10:37:22.888+0000] {taskinstance.py:1083} INFO - Dependencies all met for <TaskInstance: convert_yolov9_to_trt.log_source_dir manual__2024-10-11T10:37:21.702506+00:00 [queued]>
[2024-10-11T10:37:22.888+0000] {taskinstance.py:1279} INFO - 
--------------------------------------------------------------------------------
[2024-10-11T10:37:22.888+0000] {taskinstance.py:1280} INFO - Starting attempt 1 of 2
[2024-10-11T10:37:22.888+0000] {taskinstance.py:1281} INFO - 
--------------------------------------------------------------------------------
[2024-10-11T10:37:22.897+0000] {taskinstance.py:1300} INFO - Executing <Task(PythonOperator): log_source_dir> on 2024-10-11 10:37:21.702506+00:00
[2024-10-11T10:37:22.903+0000] {standard_task_runner.py:55} INFO - Started process 136 to run task
[2024-10-11T10:37:22.905+0000] {standard_task_runner.py:82} INFO - Running: ['***', 'tasks', 'run', 'convert_yolov9_to_trt', 'log_source_dir', 'manual__2024-10-11T10:37:21.702506+00:00', '--job-id', '100', '--raw', '--subdir', 'DAGS_FOLDER/transform/main.py', '--cfg-path', '/tmp/tmp1zqrbee0']
[2024-10-11T10:37:22.906+0000] {standard_task_runner.py:83} INFO - Job 100: Subtask log_source_dir
[2024-10-11T10:37:22.947+0000] {task_command.py:388} INFO - Running <TaskInstance: convert_yolov9_to_trt.log_source_dir manual__2024-10-11T10:37:21.702506+00:00 [running]> on host 3a9d8c6b631f
[2024-10-11T10:37:22.995+0000] {taskinstance.py:1509} INFO - Exporting the following env vars:
AIRFLOW_CTX_DAG_OWNER=***
AIRFLOW_CTX_DAG_ID=convert_yolov9_to_trt
AIRFLOW_CTX_TASK_ID=log_source_dir
AIRFLOW_CTX_EXECUTION_DATE=2024-10-11T10:37:21.702506+00:00
AIRFLOW_CTX_TRY_NUMBER=1
AIRFLOW_CTX_DAG_RUN_ID=manual__2024-10-11T10:37:21.702506+00:00
[2024-10-11T10:37:22.996+0000] {logging_mixin.py:137} INFO - -----------------------------------------------------------
[2024-10-11T10:37:22.996+0000] {logging_mixin.py:137} INFO - source_dir: /opt/***/dags/transform
[2024-10-11T10:37:22.996+0000] {python.py:177} INFO - Done. Returned value was: None
[2024-10-11T10:37:23.004+0000] {taskinstance.py:1323} INFO - Marking task as SUCCESS. dag_id=convert_yolov9_to_trt, task_id=log_source_dir, execution_date=20241011T103721, start_date=20241011T103722, end_date=20241011T103723
[2024-10-11T10:37:23.037+0000] {local_task_job.py:208} INFO - Task exited with return code 0
[2024-10-11T10:37:23.054+0000] {taskinstance.py:2578} INFO - 1 downstream tasks scheduled from follow-on schedule check
