[2024-10-11T11:21:41.676+0000] {taskinstance.py:1083} INFO - Dependencies all met for <TaskInstance: convert_yolov9_to_trt.convert_to_trt manual__2024-10-11T11:21:40.236390+00:00 [queued]>
[2024-10-11T11:21:41.684+0000] {taskinstance.py:1083} INFO - Dependencies all met for <TaskInstance: convert_yolov9_to_trt.convert_to_trt manual__2024-10-11T11:21:40.236390+00:00 [queued]>
[2024-10-11T11:21:41.684+0000] {taskinstance.py:1279} INFO - 
--------------------------------------------------------------------------------
[2024-10-11T11:21:41.684+0000] {taskinstance.py:1280} INFO - Starting attempt 1 of 2
[2024-10-11T11:21:41.684+0000] {taskinstance.py:1281} INFO - 
--------------------------------------------------------------------------------
[2024-10-11T11:21:41.693+0000] {taskinstance.py:1300} INFO - Executing <Task(BashOperator): convert_to_trt> on 2024-10-11 11:21:40.236390+00:00
[2024-10-11T11:21:41.700+0000] {standard_task_runner.py:55} INFO - Started process 3445 to run task
[2024-10-11T11:21:41.702+0000] {standard_task_runner.py:82} INFO - Running: ['***', 'tasks', 'run', 'convert_yolov9_to_trt', 'convert_to_trt', 'manual__2024-10-11T11:21:40.236390+00:00', '--job-id', '195', '--raw', '--subdir', 'DAGS_FOLDER/transform/main.py', '--cfg-path', '/tmp/tmp0cg_mkni']
[2024-10-11T11:21:41.702+0000] {standard_task_runner.py:83} INFO - Job 195: Subtask convert_to_trt
[2024-10-11T11:21:41.753+0000] {task_command.py:388} INFO - Running <TaskInstance: convert_yolov9_to_trt.convert_to_trt manual__2024-10-11T11:21:40.236390+00:00 [running]> on host 4008dbb35820
[2024-10-11T11:21:41.809+0000] {taskinstance.py:1509} INFO - Exporting the following env vars:
AIRFLOW_CTX_DAG_OWNER=***
AIRFLOW_CTX_DAG_ID=convert_yolov9_to_trt
AIRFLOW_CTX_TASK_ID=convert_to_trt
AIRFLOW_CTX_EXECUTION_DATE=2024-10-11T11:21:40.236390+00:00
AIRFLOW_CTX_TRY_NUMBER=1
AIRFLOW_CTX_DAG_RUN_ID=manual__2024-10-11T11:21:40.236390+00:00
[2024-10-11T11:21:41.810+0000] {subprocess.py:63} INFO - Tmp dir root location: 
 /tmp
[2024-10-11T11:21:41.810+0000] {subprocess.py:75} INFO - Running command: ['/bin/bash', '-c', 'python3 /opt/***/dags/transform/yolov9/export.py --weights /opt/***/dags/transform/model/model.pt --imgsz 1280 --device 0']
[2024-10-11T11:21:41.824+0000] {subprocess.py:86} INFO - Output:
[2024-10-11T11:21:44.526+0000] {subprocess.py:93} INFO - [34m[1mexport: [0mdata=../../opt/***/dags/transform/yolov9/data/coco.yaml, weights=['/opt/***/dags/transform/model/model.pt'], imgsz=[1280], batch_size=1, device=0, half=False, inplace=False, keras=False, optimize=False, int8=False, dynamic=False, simplify=False, opset=12, verbose=False, workspace=4, nms=False, agnostic_nms=False, topk_per_class=100, topk_all=100, iou_thres=0.45, conf_thres=0.25, include=['engine']
[2024-10-11T11:21:44.543+0000] {subprocess.py:93} INFO - /bin/sh: 1: git: Permission denied
[2024-10-11T11:21:44.598+0000] {subprocess.py:93} INFO - YOLO 🚀 2024-10-7 Python-3.7.16 torch-1.13.1+cu117 CUDA:0 (NVIDIA GeForce RTX 3070, 7871MiB)
[2024-10-11T11:21:44.598+0000] {subprocess.py:93} INFO - 
[2024-10-11T11:21:45.833+0000] {subprocess.py:93} INFO - Fusing layers...
[2024-10-11T11:21:47.766+0000] {subprocess.py:93} INFO - Model summary: 489 layers, 7105888 parameters, 0 gradients, 26.4 GFLOPs
[2024-10-11T11:21:47.821+0000] {subprocess.py:93} INFO - 
[2024-10-11T11:21:47.821+0000] {subprocess.py:93} INFO - [34m[1mPyTorch:[0m starting from /opt/***/dags/transform/model/model.pt with output shape (1, 84, 33600) (14.4 MB)
[2024-10-11T11:21:47.926+0000] {subprocess.py:93} INFO - 
[2024-10-11T11:21:47.926+0000] {subprocess.py:93} INFO - [34m[1mONNX:[0m starting export with onnx 1.14.1...
[2024-10-11T11:21:49.399+0000] {subprocess.py:93} INFO - [34m[1mONNX:[0m export success ✅ 1.5s, saved as /opt/***/dags/transform/model/model.onnx (27.9 MB)
[2024-10-11T11:21:49.404+0000] {subprocess.py:93} INFO - 
[2024-10-11T11:21:49.404+0000] {subprocess.py:93} INFO - [34m[1mTensorRT:[0m starting export with TensorRT 8.4.3.1...
[2024-10-11T11:21:49.881+0000] {subprocess.py:93} INFO - [10/11/2024-11:21:49] [TRT] [I] [MemUsageChange] Init CUDA: CPU +570, GPU +0, now: CPU 3711, GPU 987 (MiB)
[2024-10-11T11:21:50.777+0000] {subprocess.py:93} INFO - [10/11/2024-11:21:50] [TRT] [I] [MemUsageChange] Init builder kernel library: CPU +437, GPU +104, now: CPU 4167, GPU 1091 (MiB)
[2024-10-11T11:21:50.813+0000] {subprocess.py:93} INFO - [10/11/2024-11:21:50] [TRT] [I] ----------------------------------------------------------------
[2024-10-11T11:21:50.813+0000] {subprocess.py:93} INFO - [10/11/2024-11:21:50] [TRT] [I] Input filename:   /opt/***/dags/transform/model/model.onnx
[2024-10-11T11:21:50.814+0000] {subprocess.py:93} INFO - [10/11/2024-11:21:50] [TRT] [I] ONNX IR version:  0.0.7
[2024-10-11T11:21:50.814+0000] {subprocess.py:93} INFO - [10/11/2024-11:21:50] [TRT] [I] Opset version:    12
[2024-10-11T11:21:50.814+0000] {subprocess.py:93} INFO - [10/11/2024-11:21:50] [TRT] [I] Producer name:    pytorch
[2024-10-11T11:21:50.814+0000] {subprocess.py:93} INFO - [10/11/2024-11:21:50] [TRT] [I] Producer version: 1.13.1
[2024-10-11T11:21:50.814+0000] {subprocess.py:93} INFO - [10/11/2024-11:21:50] [TRT] [I] Domain:
[2024-10-11T11:21:50.814+0000] {subprocess.py:93} INFO - [10/11/2024-11:21:50] [TRT] [I] Model version:    0
[2024-10-11T11:21:50.814+0000] {subprocess.py:93} INFO - [10/11/2024-11:21:50] [TRT] [I] Doc string:
[2024-10-11T11:21:50.814+0000] {subprocess.py:93} INFO - [10/11/2024-11:21:50] [TRT] [I] ----------------------------------------------------------------
[2024-10-11T11:21:50.853+0000] {subprocess.py:93} INFO - [10/11/2024-11:21:50] [TRT] [W] onnx2trt_utils.cpp:369: Your ONNX model has been generated with INT64 weights, while TensorRT does not natively support INT64. Attempting to cast down to INT32.
[2024-10-11T11:21:51.187+0000] {subprocess.py:93} INFO - /opt/***/dags/transform/yolov9/export.py:287: DeprecationWarning: Use set_memory_pool_limit instead.
[2024-10-11T11:21:51.187+0000] {subprocess.py:93} INFO -   config.max_workspace_size = workspace * 1 << 30
[2024-10-11T11:21:51.187+0000] {subprocess.py:93} INFO - [34m[1mTensorRT:[0m input "images" with shape(1, 3, 1280, 1280) DataType.FLOAT
[2024-10-11T11:21:51.188+0000] {subprocess.py:93} INFO - [34m[1mTensorRT:[0m output "output0" with shape(1, 84, 33600) DataType.FLOAT
[2024-10-11T11:21:51.188+0000] {subprocess.py:93} INFO - [34m[1mTensorRT:[0m building FP32 engine as /opt/***/dags/transform/model/model.engine
[2024-10-11T11:21:58.172+0000] {subprocess.py:93} INFO - [10/11/2024-11:21:58] [TRT] [I] [MemUsageChange] Init cuBLAS/cuBLASLt: CPU +0, GPU +8, now: CPU 4205, GPU 1099 (MiB)
[2024-10-11T11:21:58.177+0000] {subprocess.py:93} INFO - [10/11/2024-11:21:58] [TRT] [I] [MemUsageChange] Init cuDNN: CPU +0, GPU +10, now: CPU 4205, GPU 1109 (MiB)
[2024-10-11T11:21:58.188+0000] {subprocess.py:93} INFO - [10/11/2024-11:21:58] [TRT] [I] Local timing cache in use. Profiling results in this builder pass will not be stored.
