[2024-10-07T02:59:26.663+0000] {processor.py:153} INFO - Started process (PID=808188) to work on /opt/airflow/dags/transform/export.py
[2024-10-07T02:59:26.663+0000] {processor.py:743} INFO - Processing file /opt/airflow/dags/transform/export.py for tasks to queue
[2024-10-07T02:59:26.664+0000] {logging_mixin.py:137} INFO - [2024-10-07T02:59:26.664+0000] {dagbag.py:538} INFO - Filling up the DagBag from /opt/airflow/dags/transform/export.py
[2024-10-07T02:59:26.677+0000] {processor.py:753} INFO - DAG(s) dict_keys(['convert_yolov9_to_trt']) retrieved from /opt/airflow/dags/transform/export.py
[2024-10-07T02:59:26.824+0000] {logging_mixin.py:137} INFO - [2024-10-07T02:59:26.824+0000] {manager.py:504} INFO - Created Permission View: can delete on DAG:convert_yolov9_to_trt
[2024-10-07T02:59:26.830+0000] {logging_mixin.py:137} INFO - [2024-10-07T02:59:26.829+0000] {manager.py:504} INFO - Created Permission View: can read on DAG:convert_yolov9_to_trt
[2024-10-07T02:59:26.833+0000] {logging_mixin.py:137} INFO - [2024-10-07T02:59:26.833+0000] {manager.py:504} INFO - Created Permission View: can edit on DAG:convert_yolov9_to_trt
[2024-10-07T02:59:26.834+0000] {logging_mixin.py:137} INFO - [2024-10-07T02:59:26.834+0000] {dag.py:2690} INFO - Sync 1 DAGs
[2024-10-07T02:59:26.845+0000] {logging_mixin.py:137} INFO - [2024-10-07T02:59:26.844+0000] {dag.py:2711} INFO - Creating ORM DAG for convert_yolov9_to_trt
[2024-10-07T02:59:26.853+0000] {logging_mixin.py:137} INFO - [2024-10-07T02:59:26.853+0000] {dag.py:3441} INFO - Setting next_dagrun for convert_yolov9_to_trt to None, run_after=None
[2024-10-07T02:59:26.867+0000] {processor.py:175} INFO - Processing /opt/airflow/dags/transform/export.py took 0.206 seconds
[2024-10-07T02:59:57.548+0000] {processor.py:153} INFO - Started process (PID=808302) to work on /opt/airflow/dags/transform/export.py
[2024-10-07T02:59:57.549+0000] {processor.py:743} INFO - Processing file /opt/airflow/dags/transform/export.py for tasks to queue
[2024-10-07T02:59:57.549+0000] {logging_mixin.py:137} INFO - [2024-10-07T02:59:57.549+0000] {dagbag.py:538} INFO - Filling up the DagBag from /opt/airflow/dags/transform/export.py
[2024-10-07T02:59:57.562+0000] {processor.py:753} INFO - DAG(s) dict_keys(['convert_yolov9_to_trt']) retrieved from /opt/airflow/dags/transform/export.py
[2024-10-07T02:59:57.580+0000] {logging_mixin.py:137} INFO - [2024-10-07T02:59:57.580+0000] {dag.py:2690} INFO - Sync 1 DAGs
[2024-10-07T02:59:57.598+0000] {logging_mixin.py:137} INFO - [2024-10-07T02:59:57.597+0000] {dag.py:3441} INFO - Setting next_dagrun for convert_yolov9_to_trt to None, run_after=None
[2024-10-07T02:59:57.608+0000] {processor.py:175} INFO - Processing /opt/airflow/dags/transform/export.py took 0.063 seconds
[2024-10-07T03:00:28.414+0000] {processor.py:153} INFO - Started process (PID=808392) to work on /opt/airflow/dags/transform/export.py
[2024-10-07T03:00:28.415+0000] {processor.py:743} INFO - Processing file /opt/airflow/dags/transform/export.py for tasks to queue
[2024-10-07T03:00:28.415+0000] {logging_mixin.py:137} INFO - [2024-10-07T03:00:28.415+0000] {dagbag.py:538} INFO - Filling up the DagBag from /opt/airflow/dags/transform/export.py
[2024-10-07T03:00:28.428+0000] {processor.py:753} INFO - DAG(s) dict_keys(['convert_yolov9_to_trt']) retrieved from /opt/airflow/dags/transform/export.py
[2024-10-07T03:00:28.447+0000] {logging_mixin.py:137} INFO - [2024-10-07T03:00:28.447+0000] {dag.py:2690} INFO - Sync 1 DAGs
[2024-10-07T03:00:28.464+0000] {logging_mixin.py:137} INFO - [2024-10-07T03:00:28.464+0000] {dag.py:3441} INFO - Setting next_dagrun for convert_yolov9_to_trt to None, run_after=None
[2024-10-07T03:00:28.475+0000] {processor.py:175} INFO - Processing /opt/airflow/dags/transform/export.py took 0.064 seconds
[2024-10-07T03:00:59.262+0000] {processor.py:153} INFO - Started process (PID=808506) to work on /opt/airflow/dags/transform/export.py
[2024-10-07T03:00:59.262+0000] {processor.py:743} INFO - Processing file /opt/airflow/dags/transform/export.py for tasks to queue
[2024-10-07T03:00:59.263+0000] {logging_mixin.py:137} INFO - [2024-10-07T03:00:59.262+0000] {dagbag.py:538} INFO - Filling up the DagBag from /opt/airflow/dags/transform/export.py
[2024-10-07T03:00:59.276+0000] {processor.py:753} INFO - DAG(s) dict_keys(['convert_yolov9_to_trt']) retrieved from /opt/airflow/dags/transform/export.py
[2024-10-07T03:00:59.294+0000] {logging_mixin.py:137} INFO - [2024-10-07T03:00:59.294+0000] {dag.py:2690} INFO - Sync 1 DAGs
[2024-10-07T03:00:59.312+0000] {logging_mixin.py:137} INFO - [2024-10-07T03:00:59.312+0000] {dag.py:3441} INFO - Setting next_dagrun for convert_yolov9_to_trt to None, run_after=None
[2024-10-07T03:00:59.323+0000] {processor.py:175} INFO - Processing /opt/airflow/dags/transform/export.py took 0.064 seconds
[2024-10-07T03:01:30.102+0000] {processor.py:153} INFO - Started process (PID=808620) to work on /opt/airflow/dags/transform/export.py
[2024-10-07T03:01:30.103+0000] {processor.py:743} INFO - Processing file /opt/airflow/dags/transform/export.py for tasks to queue
[2024-10-07T03:01:30.104+0000] {logging_mixin.py:137} INFO - [2024-10-07T03:01:30.104+0000] {dagbag.py:538} INFO - Filling up the DagBag from /opt/airflow/dags/transform/export.py
[2024-10-07T03:01:30.116+0000] {processor.py:753} INFO - DAG(s) dict_keys(['convert_yolov9_to_trt']) retrieved from /opt/airflow/dags/transform/export.py
[2024-10-07T03:01:30.135+0000] {logging_mixin.py:137} INFO - [2024-10-07T03:01:30.135+0000] {dag.py:2690} INFO - Sync 1 DAGs
[2024-10-07T03:01:30.153+0000] {logging_mixin.py:137} INFO - [2024-10-07T03:01:30.153+0000] {dag.py:3441} INFO - Setting next_dagrun for convert_yolov9_to_trt to None, run_after=None
[2024-10-07T03:01:30.164+0000] {processor.py:175} INFO - Processing /opt/airflow/dags/transform/export.py took 0.065 seconds
[2024-10-07T03:02:00.970+0000] {processor.py:153} INFO - Started process (PID=808710) to work on /opt/airflow/dags/transform/export.py
[2024-10-07T03:02:00.970+0000] {processor.py:743} INFO - Processing file /opt/airflow/dags/transform/export.py for tasks to queue
[2024-10-07T03:02:00.970+0000] {logging_mixin.py:137} INFO - [2024-10-07T03:02:00.970+0000] {dagbag.py:538} INFO - Filling up the DagBag from /opt/airflow/dags/transform/export.py
[2024-10-07T03:02:00.983+0000] {processor.py:753} INFO - DAG(s) dict_keys(['convert_yolov9_to_trt']) retrieved from /opt/airflow/dags/transform/export.py
[2024-10-07T03:02:01.001+0000] {logging_mixin.py:137} INFO - [2024-10-07T03:02:01.001+0000] {dag.py:2690} INFO - Sync 1 DAGs
[2024-10-07T03:02:01.019+0000] {logging_mixin.py:137} INFO - [2024-10-07T03:02:01.019+0000] {dag.py:3441} INFO - Setting next_dagrun for convert_yolov9_to_trt to None, run_after=None
[2024-10-07T03:02:01.031+0000] {processor.py:175} INFO - Processing /opt/airflow/dags/transform/export.py took 0.064 seconds
[2024-10-07T03:02:31.789+0000] {processor.py:153} INFO - Started process (PID=808824) to work on /opt/airflow/dags/transform/export.py
[2024-10-07T03:02:31.791+0000] {processor.py:743} INFO - Processing file /opt/airflow/dags/transform/export.py for tasks to queue
[2024-10-07T03:02:31.791+0000] {logging_mixin.py:137} INFO - [2024-10-07T03:02:31.791+0000] {dagbag.py:538} INFO - Filling up the DagBag from /opt/airflow/dags/transform/export.py
[2024-10-07T03:02:31.803+0000] {processor.py:753} INFO - DAG(s) dict_keys(['convert_yolov9_to_trt']) retrieved from /opt/airflow/dags/transform/export.py
[2024-10-07T03:02:31.821+0000] {logging_mixin.py:137} INFO - [2024-10-07T03:02:31.821+0000] {dag.py:2690} INFO - Sync 1 DAGs
[2024-10-07T03:02:31.839+0000] {logging_mixin.py:137} INFO - [2024-10-07T03:02:31.839+0000] {dag.py:3441} INFO - Setting next_dagrun for convert_yolov9_to_trt to None, run_after=None
[2024-10-07T03:02:31.850+0000] {processor.py:175} INFO - Processing /opt/airflow/dags/transform/export.py took 0.064 seconds
[2024-10-07T03:03:02.663+0000] {processor.py:153} INFO - Started process (PID=808938) to work on /opt/airflow/dags/transform/export.py
[2024-10-07T03:03:02.663+0000] {processor.py:743} INFO - Processing file /opt/airflow/dags/transform/export.py for tasks to queue
[2024-10-07T03:03:02.664+0000] {logging_mixin.py:137} INFO - [2024-10-07T03:03:02.663+0000] {dagbag.py:538} INFO - Filling up the DagBag from /opt/airflow/dags/transform/export.py
[2024-10-07T03:03:02.676+0000] {processor.py:753} INFO - DAG(s) dict_keys(['convert_yolov9_to_trt']) retrieved from /opt/airflow/dags/transform/export.py
[2024-10-07T03:03:02.695+0000] {logging_mixin.py:137} INFO - [2024-10-07T03:03:02.695+0000] {dag.py:2690} INFO - Sync 1 DAGs
[2024-10-07T03:03:02.714+0000] {logging_mixin.py:137} INFO - [2024-10-07T03:03:02.713+0000] {dag.py:3441} INFO - Setting next_dagrun for convert_yolov9_to_trt to None, run_after=None
[2024-10-07T03:03:02.726+0000] {processor.py:175} INFO - Processing /opt/airflow/dags/transform/export.py took 0.065 seconds
[2024-10-07T03:03:33.517+0000] {processor.py:153} INFO - Started process (PID=809028) to work on /opt/airflow/dags/transform/export.py
[2024-10-07T03:03:33.518+0000] {processor.py:743} INFO - Processing file /opt/airflow/dags/transform/export.py for tasks to queue
[2024-10-07T03:03:33.519+0000] {logging_mixin.py:137} INFO - [2024-10-07T03:03:33.519+0000] {dagbag.py:538} INFO - Filling up the DagBag from /opt/airflow/dags/transform/export.py
[2024-10-07T03:03:33.532+0000] {processor.py:753} INFO - DAG(s) dict_keys(['convert_yolov9_to_trt']) retrieved from /opt/airflow/dags/transform/export.py
[2024-10-07T03:03:33.550+0000] {logging_mixin.py:137} INFO - [2024-10-07T03:03:33.550+0000] {dag.py:2690} INFO - Sync 1 DAGs
[2024-10-07T03:03:33.568+0000] {logging_mixin.py:137} INFO - [2024-10-07T03:03:33.568+0000] {dag.py:3441} INFO - Setting next_dagrun for convert_yolov9_to_trt to None, run_after=None
[2024-10-07T03:03:33.580+0000] {processor.py:175} INFO - Processing /opt/airflow/dags/transform/export.py took 0.065 seconds
[2024-10-07T03:04:04.438+0000] {processor.py:153} INFO - Started process (PID=809142) to work on /opt/airflow/dags/transform/export.py
[2024-10-07T03:04:04.438+0000] {processor.py:743} INFO - Processing file /opt/airflow/dags/transform/export.py for tasks to queue
[2024-10-07T03:04:04.439+0000] {logging_mixin.py:137} INFO - [2024-10-07T03:04:04.439+0000] {dagbag.py:538} INFO - Filling up the DagBag from /opt/airflow/dags/transform/export.py
[2024-10-07T03:04:04.452+0000] {processor.py:753} INFO - DAG(s) dict_keys(['convert_yolov9_to_trt']) retrieved from /opt/airflow/dags/transform/export.py
[2024-10-07T03:04:04.471+0000] {logging_mixin.py:137} INFO - [2024-10-07T03:04:04.470+0000] {dag.py:2690} INFO - Sync 1 DAGs
[2024-10-07T03:04:04.488+0000] {logging_mixin.py:137} INFO - [2024-10-07T03:04:04.487+0000] {dag.py:3441} INFO - Setting next_dagrun for convert_yolov9_to_trt to None, run_after=None
[2024-10-07T03:04:04.498+0000] {processor.py:175} INFO - Processing /opt/airflow/dags/transform/export.py took 0.063 seconds
[2024-10-07T03:04:35.376+0000] {processor.py:153} INFO - Started process (PID=809241) to work on /opt/airflow/dags/transform/export.py
[2024-10-07T03:04:35.377+0000] {processor.py:743} INFO - Processing file /opt/airflow/dags/transform/export.py for tasks to queue
[2024-10-07T03:04:35.377+0000] {logging_mixin.py:137} INFO - [2024-10-07T03:04:35.377+0000] {dagbag.py:538} INFO - Filling up the DagBag from /opt/airflow/dags/transform/export.py
[2024-10-07T03:04:35.393+0000] {processor.py:753} INFO - DAG(s) dict_keys(['convert_yolov9_to_trt']) retrieved from /opt/airflow/dags/transform/export.py
[2024-10-07T03:04:35.412+0000] {logging_mixin.py:137} INFO - [2024-10-07T03:04:35.412+0000] {dag.py:2690} INFO - Sync 1 DAGs
[2024-10-07T03:04:35.432+0000] {logging_mixin.py:137} INFO - [2024-10-07T03:04:35.432+0000] {dag.py:3441} INFO - Setting next_dagrun for convert_yolov9_to_trt to None, run_after=None
[2024-10-07T03:04:35.447+0000] {processor.py:175} INFO - Processing /opt/airflow/dags/transform/export.py took 0.074 seconds
[2024-10-07T03:05:05.470+0000] {processor.py:153} INFO - Started process (PID=809346) to work on /opt/airflow/dags/transform/export.py
[2024-10-07T03:05:05.471+0000] {processor.py:743} INFO - Processing file /opt/airflow/dags/transform/export.py for tasks to queue
[2024-10-07T03:05:05.471+0000] {logging_mixin.py:137} INFO - [2024-10-07T03:05:05.471+0000] {dagbag.py:538} INFO - Filling up the DagBag from /opt/airflow/dags/transform/export.py
[2024-10-07T03:05:05.483+0000] {processor.py:753} INFO - DAG(s) dict_keys(['convert_yolov9_to_trt']) retrieved from /opt/airflow/dags/transform/export.py
[2024-10-07T03:05:05.501+0000] {logging_mixin.py:137} INFO - [2024-10-07T03:05:05.501+0000] {dag.py:2690} INFO - Sync 1 DAGs
[2024-10-07T03:05:05.518+0000] {logging_mixin.py:137} INFO - [2024-10-07T03:05:05.518+0000] {dag.py:3441} INFO - Setting next_dagrun for convert_yolov9_to_trt to None, run_after=None
[2024-10-07T03:05:05.531+0000] {processor.py:175} INFO - Processing /opt/airflow/dags/transform/export.py took 0.064 seconds
[2024-10-07T03:05:35.675+0000] {processor.py:153} INFO - Started process (PID=809460) to work on /opt/airflow/dags/transform/export.py
[2024-10-07T03:05:35.676+0000] {processor.py:743} INFO - Processing file /opt/airflow/dags/transform/export.py for tasks to queue
[2024-10-07T03:05:35.677+0000] {logging_mixin.py:137} INFO - [2024-10-07T03:05:35.676+0000] {dagbag.py:538} INFO - Filling up the DagBag from /opt/airflow/dags/transform/export.py
[2024-10-07T03:05:35.690+0000] {processor.py:753} INFO - DAG(s) dict_keys(['convert_yolov9_to_trt']) retrieved from /opt/airflow/dags/transform/export.py
[2024-10-07T03:05:35.710+0000] {logging_mixin.py:137} INFO - [2024-10-07T03:05:35.710+0000] {dag.py:2690} INFO - Sync 1 DAGs
[2024-10-07T03:05:35.730+0000] {logging_mixin.py:137} INFO - [2024-10-07T03:05:35.730+0000] {dag.py:3441} INFO - Setting next_dagrun for convert_yolov9_to_trt to None, run_after=None
[2024-10-07T03:05:35.743+0000] {processor.py:175} INFO - Processing /opt/airflow/dags/transform/export.py took 0.070 seconds
