[2024-10-08T06:26:05.956+0000] {taskinstance.py:1083} INFO - Dependencies all met for <TaskInstance: convert_yolov9_to_trt.convert_to_trt manual__2024-10-08T06:25:03.824133+00:00 [queued]>
[2024-10-08T06:26:05.963+0000] {taskinstance.py:1083} INFO - Dependencies all met for <TaskInstance: convert_yolov9_to_trt.convert_to_trt manual__2024-10-08T06:25:03.824133+00:00 [queued]>
[2024-10-08T06:26:05.963+0000] {taskinstance.py:1279} INFO - 
--------------------------------------------------------------------------------
[2024-10-08T06:26:05.963+0000] {taskinstance.py:1280} INFO - Starting attempt 2 of 2
[2024-10-08T06:26:05.963+0000] {taskinstance.py:1281} INFO - 
--------------------------------------------------------------------------------
[2024-10-08T06:26:05.973+0000] {taskinstance.py:1300} INFO - Executing <Task(BashOperator): convert_to_trt> on 2024-10-08 06:25:03.824133+00:00
[2024-10-08T06:26:05.980+0000] {standard_task_runner.py:55} INFO - Started process 5968 to run task
[2024-10-08T06:26:05.982+0000] {standard_task_runner.py:82} INFO - Running: ['***', 'tasks', 'run', 'convert_yolov9_to_trt', 'convert_to_trt', 'manual__2024-10-08T06:25:03.824133+00:00', '--job-id', '10', '--raw', '--subdir', 'DAGS_FOLDER/transform/main.py', '--cfg-path', '/tmp/tmp2ja381jd']
[2024-10-08T06:26:05.982+0000] {standard_task_runner.py:83} INFO - Job 10: Subtask convert_to_trt
[2024-10-08T06:26:06.028+0000] {task_command.py:388} INFO - Running <TaskInstance: convert_yolov9_to_trt.convert_to_trt manual__2024-10-08T06:25:03.824133+00:00 [running]> on host 2de590096d56
[2024-10-08T06:26:06.082+0000] {taskinstance.py:1509} INFO - Exporting the following env vars:
AIRFLOW_CTX_DAG_OWNER=***
AIRFLOW_CTX_DAG_ID=convert_yolov9_to_trt
AIRFLOW_CTX_TASK_ID=convert_to_trt
AIRFLOW_CTX_EXECUTION_DATE=2024-10-08T06:25:03.824133+00:00
AIRFLOW_CTX_TRY_NUMBER=2
AIRFLOW_CTX_DAG_RUN_ID=manual__2024-10-08T06:25:03.824133+00:00
[2024-10-08T06:26:06.083+0000] {subprocess.py:63} INFO - Tmp dir root location: 
 /tmp
[2024-10-08T06:26:06.084+0000] {subprocess.py:75} INFO - Running command: ['/bin/bash', '-c', 'docker run --gpus all --rm -v /home/Desktop/pixel/***/dags/transform/models:/models nvcr.io/nvidia/pytorch:23.08-py3 bash -c "python3 /opt/***/dags/transform/yolov9/export.py --weights /models/yolov9-s-converted.pt --include engine --device 0"']
[2024-10-08T06:26:06.098+0000] {subprocess.py:86} INFO - Output:
[2024-10-08T06:26:06.117+0000] {subprocess.py:93} INFO - docker: Got permission denied while trying to connect to the Docker daemon socket at unix:///var/run/docker.sock: Post "http://%2Fvar%2Frun%2Fdocker.sock/v1.24/containers/create": dial unix /var/run/docker.sock: connect: permission denied.
[2024-10-08T06:26:06.117+0000] {subprocess.py:93} INFO - See 'docker run --help'.
[2024-10-08T06:26:06.119+0000] {subprocess.py:97} INFO - Command exited with return code 126
[2024-10-08T06:26:06.130+0000] {taskinstance.py:1768} ERROR - Task failed with exception
Traceback (most recent call last):
  File "/home/airflow/.local/lib/python3.7/site-packages/airflow/operators/bash.py", line 197, in execute
    f"Bash command failed. The command returned a non-zero exit code {result.exit_code}."
airflow.exceptions.AirflowException: Bash command failed. The command returned a non-zero exit code 126.
[2024-10-08T06:26:06.132+0000] {taskinstance.py:1323} INFO - Marking task as FAILED. dag_id=convert_yolov9_to_trt, task_id=convert_to_trt, execution_date=20241008T062503, start_date=20241008T062605, end_date=20241008T062606
[2024-10-08T06:26:06.143+0000] {standard_task_runner.py:105} ERROR - Failed to execute job 10 for task convert_to_trt (Bash command failed. The command returned a non-zero exit code 126.; 5968)
[2024-10-08T06:26:06.153+0000] {local_task_job.py:208} INFO - Task exited with return code 1
[2024-10-08T06:26:06.169+0000] {taskinstance.py:2578} INFO - 0 downstream tasks scheduled from follow-on schedule check
