[2024-10-11T10:33:27.064+0000] {taskinstance.py:1083} INFO - Dependencies all met for <TaskInstance: convert_yolov9_to_trt.convert_to_trt manual__2024-10-11T10:33:25.196155+00:00 [queued]>
[2024-10-11T10:33:27.070+0000] {taskinstance.py:1083} INFO - Dependencies all met for <TaskInstance: convert_yolov9_to_trt.convert_to_trt manual__2024-10-11T10:33:25.196155+00:00 [queued]>
[2024-10-11T10:33:27.070+0000] {taskinstance.py:1279} INFO - 
--------------------------------------------------------------------------------
[2024-10-11T10:33:27.070+0000] {taskinstance.py:1280} INFO - Starting attempt 1 of 2
[2024-10-11T10:33:27.070+0000] {taskinstance.py:1281} INFO - 
--------------------------------------------------------------------------------
[2024-10-11T10:33:27.081+0000] {taskinstance.py:1300} INFO - Executing <Task(BashOperator): convert_to_trt> on 2024-10-11 10:33:25.196155+00:00
[2024-10-11T10:33:27.088+0000] {standard_task_runner.py:55} INFO - Started process 4491 to run task
[2024-10-11T10:33:27.090+0000] {standard_task_runner.py:82} INFO - Running: ['***', 'tasks', 'run', 'convert_yolov9_to_trt', 'convert_to_trt', 'manual__2024-10-11T10:33:25.196155+00:00', '--job-id', '66', '--raw', '--subdir', 'DAGS_FOLDER/transform/main.py', '--cfg-path', '/tmp/tmpc009mjdc']
[2024-10-11T10:33:27.090+0000] {standard_task_runner.py:83} INFO - Job 66: Subtask convert_to_trt
[2024-10-11T10:33:27.137+0000] {task_command.py:388} INFO - Running <TaskInstance: convert_yolov9_to_trt.convert_to_trt manual__2024-10-11T10:33:25.196155+00:00 [running]> on host 5c826e3ad786
[2024-10-11T10:33:27.188+0000] {taskinstance.py:1509} INFO - Exporting the following env vars:
AIRFLOW_CTX_DAG_OWNER=***
AIRFLOW_CTX_DAG_ID=convert_yolov9_to_trt
AIRFLOW_CTX_TASK_ID=convert_to_trt
AIRFLOW_CTX_EXECUTION_DATE=2024-10-11T10:33:25.196155+00:00
AIRFLOW_CTX_TRY_NUMBER=1
AIRFLOW_CTX_DAG_RUN_ID=manual__2024-10-11T10:33:25.196155+00:00
[2024-10-11T10:33:27.189+0000] {subprocess.py:63} INFO - Tmp dir root location: 
 /tmp
[2024-10-11T10:33:27.190+0000] {subprocess.py:75} INFO - Running command: ['/bin/bash', '-c', 'python3 /opt/***/dags/transform/yolov9/export.py ./model/model.pt ./model.engine']
[2024-10-11T10:33:27.203+0000] {subprocess.py:86} INFO - Output:
[2024-10-11T10:33:28.269+0000] {subprocess.py:93} INFO - Traceback (most recent call last):
[2024-10-11T10:33:28.270+0000] {subprocess.py:93} INFO -   File "/opt/***/dags/transform/yolov9/export.py", line 14, in <module>
[2024-10-11T10:33:28.270+0000] {subprocess.py:93} INFO -     import torch
[2024-10-11T10:33:28.270+0000] {subprocess.py:93} INFO - ModuleNotFoundError: No module named 'torch'
[2024-10-11T10:33:28.323+0000] {subprocess.py:97} INFO - Command exited with return code 1
[2024-10-11T10:33:28.333+0000] {taskinstance.py:1768} ERROR - Task failed with exception
Traceback (most recent call last):
  File "/home/airflow/.local/lib/python3.7/site-packages/airflow/operators/bash.py", line 197, in execute
    f"Bash command failed. The command returned a non-zero exit code {result.exit_code}."
airflow.exceptions.AirflowException: Bash command failed. The command returned a non-zero exit code 1.
[2024-10-11T10:33:28.335+0000] {taskinstance.py:1323} INFO - Marking task as UP_FOR_RETRY. dag_id=convert_yolov9_to_trt, task_id=convert_to_trt, execution_date=20241011T103325, start_date=20241011T103327, end_date=20241011T103328
[2024-10-11T10:33:28.344+0000] {standard_task_runner.py:105} ERROR - Failed to execute job 66 for task convert_to_trt (Bash command failed. The command returned a non-zero exit code 1.; 4491)
[2024-10-11T10:33:28.384+0000] {local_task_job.py:208} INFO - Task exited with return code 1
[2024-10-11T10:33:28.399+0000] {taskinstance.py:2578} INFO - 0 downstream tasks scheduled from follow-on schedule check
